Build started 14/01/2015 15:28:37.
     1>Project "E:\Leonardo Jose\RobRehabSystem\Rehab_Server\Rehab_Server.vcxproj" on node 2 (rebuild target(s)).
     1>_PrepareForClean:
         Deleting file "E:\Leonardo Jose\RobRehabSystem\\Rehab_Server.lastbuildstate".
       InitializeBuildStatus:
         Creating "E:\Leonardo Jose\RobRehabSystem\\Rehab_Server.unsuccessfulbuild" because "AlwaysCreate" was specified.
       ClCompile:
         C:\Program Files (x86)\Microsoft Visual Studio 10.0\VC\bin\CL.exe /c /IC:\Python34\include /I"E:\Leonardo Jose\RobRehabSystem\src" /Zi /nologo /W3 /WX- /O2 /Oi /Oy- /GL /D WIN32 /D _MBCS /D _MBCS /Gm- /EHsc /MD /GS /Gy /fp:precise /Zc:wchar_t /Zc:forScope /Fo"E:\Leonardo Jose\RobRehabSystem\\" /Fd"E:\Leonardo Jose\RobRehabSystem\\vc100.pdb" /Gd /TC /analyze- /errorReport:prompt ..\src\server_main.c
         server_main.c
     1>e:\leonardo jose\robrehabsystem\src\connection.h(667): warning C4101: 'bytes_received' : unreferenced local variable
     1>e:\leonardo jose\robrehabsystem\src\async_connection.h(120): warning C4996: 'strcpy': This function or variable may be unsafe. Consider using strcpy_s instead. To disable deprecation, use _CRT_SECURE_NO_WARNINGS. See online help for details.
     1>e:\leonardo jose\robrehabsystem\src\async_connection.h(121): warning C4996: 'strcpy': This function or variable may be unsafe. Consider using strcpy_s instead. To disable deprecation, use _CRT_SECURE_NO_WARNINGS. See online help for details.
     1>e:\leonardo jose\robrehabsystem\src\async_connection.h(240): warning C4996: 'strcpy': This function or variable may be unsafe. Consider using strcpy_s instead. To disable deprecation, use _CRT_SECURE_NO_WARNINGS. See online help for details.
     1>e:\leonardo jose\robrehabsystem\src\async_connection.h(389): warning C4996: 'sprintf': This function or variable may be unsafe. Consider using sprintf_s instead. To disable deprecation, use _CRT_SECURE_NO_WARNINGS. See online help for details.
                 C:\Program Files (x86)\Microsoft Visual Studio 10.0\VC\include\stdio.h(371) : see declaration of 'sprintf'
     1>e:\leonardo jose\robrehabsystem\src\async_connection.h(472): warning C4996: 'strcpy': This function or variable may be unsafe. Consider using strcpy_s instead. To disable deprecation, use _CRT_SECURE_NO_WARNINGS. See online help for details.
     1>e:\leonardo jose\robrehabsystem\src\async_connection.h(505): warning C4996: 'strcpy': This function or variable may be unsafe. Consider using strcpy_s instead. To disable deprecation, use _CRT_SECURE_NO_WARNINGS. See online help for details.
     1>e:\leonardo jose\robrehabsystem\src\script_network.h(128): warning C4101: 'connection_id' : unreferenced local variable
     1>..\src\server_main.c(67): warning C4996: 'fopen': This function or variable may be unsafe. Consider using fopen_s instead. To disable deprecation, use _CRT_SECURE_NO_WARNINGS. See online help for details.
                 C:\Program Files (x86)\Microsoft Visual Studio 10.0\VC\include\stdio.h(234) : see declaration of 'fopen'
     1>..\src\server_main.c(73): warning C4996: 'fopen': This function or variable may be unsafe. Consider using fopen_s instead. To disable deprecation, use _CRT_SECURE_NO_WARNINGS. See online help for details.
                 C:\Program Files (x86)\Microsoft Visual Studio 10.0\VC\include\stdio.h(234) : see declaration of 'fopen'
       Link:
         C:\Program Files (x86)\Microsoft Visual Studio 10.0\VC\bin\link.exe /ERRORREPORT:PROMPT /OUT:"E:\Leonardo Jose\RobRehabSystem\\RobRehabServer.exe" /NOLOGO /LIBPATH:C:\Python34\libs kernel32.lib user32.lib gdi32.lib winspool.lib comdlg32.lib advapi32.lib shell32.lib ole32.lib oleaut32.lib uuid.lib odbc32.lib odbccp32.lib /MANIFEST /ManifestFile:"E:\Leonardo Jose\RobRehabSystem\\RobRehabServer.exe.intermediate.manifest" /MANIFESTUAC:"level='asInvoker' uiAccess='false'" /DEBUG /PDB:"E:\Leonardo Jose\RobRehabSystem\RobRehabServer.pdb" /OPT:REF /OPT:ICF /LTCG /TLBID:1 /DYNAMICBASE /NXCOMPAT /IMPLIB:"E:\Leonardo Jose\RobRehabSystem\\RobRehabServer.lib" /MACHINE:X86 "E:\Leonardo Jose\RobRehabSystem\\server_main.obj"
         Generating code
         Finished generating code
         Rehab_Server.vcxproj -> E:\Leonardo Jose\RobRehabSystem\\RobRehabServer.exe
       Manifest:
         C:\Program Files (x86)\Microsoft SDKs\Windows\v7.0A\bin\mt.exe /nologo /verbose /outputresource:"E:\Leonardo Jose\RobRehabSystem\\RobRehabServer.exe;#1" /manifest "E:\Leonardo Jose\RobRehabSystem\\RobRehabServer.exe.intermediate.manifest"
       FinalizeBuildStatus:
         Deleting file "E:\Leonardo Jose\RobRehabSystem\\Rehab_Server.unsuccessfulbuild".
         Touching "E:\Leonardo Jose\RobRehabSystem\\Rehab_Server.lastbuildstate".
     1>Done Building Project "E:\Leonardo Jose\RobRehabSystem\Rehab_Server\Rehab_Server.vcxproj" (rebuild target(s)).

Build succeeded.

Time Elapsed 00:00:00.79
