Determining if the pthread_create exist failed with the following output:
Change Dir: /home/leonardojc/Projetos/Trabalhos_C-C++/RobRehabSystem/CMakeFiles/CMakeTmp

Run Build Command:"/usr/bin/make" "cmTryCompileExec1288796018/fast"
/usr/bin/make -f CMakeFiles/cmTryCompileExec1288796018.dir/build.make CMakeFiles/cmTryCompileExec1288796018.dir/build
make[1]: Entering directory '/home/leonardojc/Projetos/Trabalhos_C-C++/RobRehabSystem/CMakeFiles/CMakeTmp'
/usr/bin/cmake -E cmake_progress_report /home/leonardojc/Projetos/Trabalhos_C-C++/RobRehabSystem/CMakeFiles/CMakeTmp/CMakeFiles 1
Building C object CMakeFiles/cmTryCompileExec1288796018.dir/CheckSymbolExists.c.o
/usr/bin/cc    -o CMakeFiles/cmTryCompileExec1288796018.dir/CheckSymbolExists.c.o   -c /home/leonardojc/Projetos/Trabalhos_C-C++/RobRehabSystem/CMakeFiles/CMakeTmp/CheckSymbolExists.c
Linking C executable cmTryCompileExec1288796018
/usr/bin/cmake -E cmake_link_script CMakeFiles/cmTryCompileExec1288796018.dir/link.txt --verbose=1
/usr/bin/cc      CMakeFiles/cmTryCompileExec1288796018.dir/CheckSymbolExists.c.o  -o cmTryCompileExec1288796018 -rdynamic 
CMakeFiles/cmTryCompileExec1288796018.dir/CheckSymbolExists.c.o: In function `main':
CheckSymbolExists.c:(.text+0x16): undefined reference to `pthread_create'
collect2: error: ld returned 1 exit status
CMakeFiles/cmTryCompileExec1288796018.dir/build.make:88: recipe for target 'cmTryCompileExec1288796018' failed
make[1]: Leaving directory '/home/leonardojc/Projetos/Trabalhos_C-C++/RobRehabSystem/CMakeFiles/CMakeTmp'
make[1]: *** [cmTryCompileExec1288796018] Error 1
Makefile:118: recipe for target 'cmTryCompileExec1288796018/fast' failed
make: *** [cmTryCompileExec1288796018/fast] Error 2

File /home/leonardojc/Projetos/Trabalhos_C-C++/RobRehabSystem/CMakeFiles/CMakeTmp/CheckSymbolExists.c:
/* */
#include <pthread.h>

int main(int argc, char** argv)
{
  (void)argv;
#ifndef pthread_create
  return ((int*)(&pthread_create))[argc];
#else
  (void)argc;
  return 0;
#endif
}

Determining if the function pthread_create exists in the pthreads failed with the following output:
Change Dir: /home/leonardojc/Projetos/Trabalhos_C-C++/RobRehabSystem/CMakeFiles/CMakeTmp

Run Build Command:"/usr/bin/make" "cmTryCompileExec3391287792/fast"
/usr/bin/make -f CMakeFiles/cmTryCompileExec3391287792.dir/build.make CMakeFiles/cmTryCompileExec3391287792.dir/build
make[1]: Entering directory '/home/leonardojc/Projetos/Trabalhos_C-C++/RobRehabSystem/CMakeFiles/CMakeTmp'
/usr/bin/cmake -E cmake_progress_report /home/leonardojc/Projetos/Trabalhos_C-C++/RobRehabSystem/CMakeFiles/CMakeTmp/CMakeFiles 1
Building C object CMakeFiles/cmTryCompileExec3391287792.dir/CheckFunctionExists.c.o
/usr/bin/cc   -DCHECK_FUNCTION_EXISTS=pthread_create   -o CMakeFiles/cmTryCompileExec3391287792.dir/CheckFunctionExists.c.o   -c /usr/share/cmake-3.1/Modules/CheckFunctionExists.c
Linking C executable cmTryCompileExec3391287792
/usr/bin/cmake -E cmake_link_script CMakeFiles/cmTryCompileExec3391287792.dir/link.txt --verbose=1
/usr/bin/cc   -DCHECK_FUNCTION_EXISTS=pthread_create   CMakeFiles/cmTryCompileExec3391287792.dir/CheckFunctionExists.c.o  -o cmTryCompileExec3391287792 -rdynamic -lpthreads 
/usr/bin/ld: cannot find -lpthreads
collect2: error: ld returned 1 exit status
CMakeFiles/cmTryCompileExec3391287792.dir/build.make:88: recipe for target 'cmTryCompileExec3391287792' failed
make[1]: Leaving directory '/home/leonardojc/Projetos/Trabalhos_C-C++/RobRehabSystem/CMakeFiles/CMakeTmp'
make[1]: *** [cmTryCompileExec3391287792] Error 1
Makefile:118: recipe for target 'cmTryCompileExec3391287792/fast' failed
make: *** [cmTryCompileExec3391287792/fast] Error 2


