The system is: Linux - 3.18.1-1-MANJARO - x86_64
Compiling the C compiler identification source file "CMakeCCompilerId.c" succeeded.
Compiler: /usr/bin/cc 
Build flags: 
Id flags: 

The output was:
0


Compilation of the C compiler identification source "CMakeCCompilerId.c" produced "a.out"

The C compiler identification is GNU, found in "/home/leonardojc/Projetos/Trabalhos_C-C++/RobRehabSystem/build/CMakeFiles/3.1.0/CompilerIdC/a.out"

Compiling the CXX compiler identification source file "CMakeCXXCompilerId.cpp" succeeded.
Compiler: /usr/bin/c++ 
Build flags: 
Id flags: 

The output was:
0


Compilation of the CXX compiler identification source "CMakeCXXCompilerId.cpp" produced "a.out"

The CXX compiler identification is GNU, found in "/home/leonardojc/Projetos/Trabalhos_C-C++/RobRehabSystem/build/CMakeFiles/3.1.0/CompilerIdCXX/a.out"

Determining if the C compiler works passed with the following output:
Change Dir: /home/leonardojc/Projetos/Trabalhos_C-C++/RobRehabSystem/build/CMakeFiles/CMakeTmp

Run Build Command:"/usr/bin/make" "cmTryCompileExec3124858790/fast"
/usr/bin/make -f CMakeFiles/cmTryCompileExec3124858790.dir/build.make CMakeFiles/cmTryCompileExec3124858790.dir/build
make[1]: Entering directory '/home/leonardojc/Projetos/Trabalhos_C-C++/RobRehabSystem/build/CMakeFiles/CMakeTmp'
/usr/bin/cmake -E cmake_progress_report /home/leonardojc/Projetos/Trabalhos_C-C++/RobRehabSystem/build/CMakeFiles/CMakeTmp/CMakeFiles 1
Building C object CMakeFiles/cmTryCompileExec3124858790.dir/testCCompiler.c.o
/usr/bin/cc    -o CMakeFiles/cmTryCompileExec3124858790.dir/testCCompiler.c.o   -c /home/leonardojc/Projetos/Trabalhos_C-C++/RobRehabSystem/build/CMakeFiles/CMakeTmp/testCCompiler.c
Linking C executable cmTryCompileExec3124858790
/usr/bin/cmake -E cmake_link_script CMakeFiles/cmTryCompileExec3124858790.dir/link.txt --verbose=1
/usr/bin/cc      CMakeFiles/cmTryCompileExec3124858790.dir/testCCompiler.c.o  -o cmTryCompileExec3124858790 -rdynamic 
make[1]: Leaving directory '/home/leonardojc/Projetos/Trabalhos_C-C++/RobRehabSystem/build/CMakeFiles/CMakeTmp'


Detecting C compiler ABI info compiled with the following output:
Change Dir: /home/leonardojc/Projetos/Trabalhos_C-C++/RobRehabSystem/build/CMakeFiles/CMakeTmp

Run Build Command:"/usr/bin/make" "cmTryCompileExec3662913494/fast"
/usr/bin/make -f CMakeFiles/cmTryCompileExec3662913494.dir/build.make CMakeFiles/cmTryCompileExec3662913494.dir/build
make[1]: Entering directory '/home/leonardojc/Projetos/Trabalhos_C-C++/RobRehabSystem/build/CMakeFiles/CMakeTmp'
/usr/bin/cmake -E cmake_progress_report /home/leonardojc/Projetos/Trabalhos_C-C++/RobRehabSystem/build/CMakeFiles/CMakeTmp/CMakeFiles 1
Building C object CMakeFiles/cmTryCompileExec3662913494.dir/CMakeCCompilerABI.c.o
/usr/bin/cc    -o CMakeFiles/cmTryCompileExec3662913494.dir/CMakeCCompilerABI.c.o   -c /usr/share/cmake-3.1/Modules/CMakeCCompilerABI.c
Linking C executable cmTryCompileExec3662913494
/usr/bin/cmake -E cmake_link_script CMakeFiles/cmTryCompileExec3662913494.dir/link.txt --verbose=1
/usr/bin/cc     -v CMakeFiles/cmTryCompileExec3662913494.dir/CMakeCCompilerABI.c.o  -o cmTryCompileExec3662913494 -rdynamic  
Using built-in specs.
COLLECT_GCC=/usr/bin/cc
COLLECT_LTO_WRAPPER=/usr/lib/gcc/x86_64-unknown-linux-gnu/4.9.2/lto-wrapper
Target: x86_64-unknown-linux-gnu
Configured with: /build/gcc-multilib/src/gcc-4.9-20141224/configure --prefix=/usr --libdir=/usr/lib --libexecdir=/usr/lib --mandir=/usr/share/man --infodir=/usr/share/info --with-bugurl=https://bugs.archlinux.org/ --enable-languages=c,c++,ada,fortran,go,lto,objc,obj-c++ --enable-shared --enable-threads=posix --with-system-zlib --enable-__cxa_atexit --disable-libunwind-exceptions --enable-clocale=gnu --disable-libstdcxx-pch --disable-libssp --enable-gnu-unique-object --enable-linker-build-id --enable-cloog-backend=isl --enable-lto --enable-plugin --enable-install-libiberty --with-linker-hash-style=gnu --enable-multilib --disable-werror --enable-checking=release
Thread model: posix
gcc version 4.9.2 20141224 (prerelease) (GCC) 
COMPILER_PATH=/usr/lib/gcc/x86_64-unknown-linux-gnu/4.9.2/:/usr/lib/gcc/x86_64-unknown-linux-gnu/4.9.2/:/usr/lib/gcc/x86_64-unknown-linux-gnu/:/usr/lib/gcc/x86_64-unknown-linux-gnu/4.9.2/:/usr/lib/gcc/x86_64-unknown-linux-gnu/
LIBRARY_PATH=/usr/lib/gcc/x86_64-unknown-linux-gnu/4.9.2/:/usr/lib/gcc/x86_64-unknown-linux-gnu/4.9.2/../../../../lib/:/lib/../lib/:/usr/lib/../lib/:/usr/lib/gcc/x86_64-unknown-linux-gnu/4.9.2/../../../:/lib/:/usr/lib/
COLLECT_GCC_OPTIONS='-v' '-o' 'cmTryCompileExec3662913494' '-rdynamic' '-mtune=generic' '-march=x86-64'
 /usr/lib/gcc/x86_64-unknown-linux-gnu/4.9.2/collect2 -plugin /usr/lib/gcc/x86_64-unknown-linux-gnu/4.9.2/liblto_plugin.so -plugin-opt=/usr/lib/gcc/x86_64-unknown-linux-gnu/4.9.2/lto-wrapper -plugin-opt=-fresolution=/tmp/ccQq2sNv.res -plugin-opt=-pass-through=-lgcc -plugin-opt=-pass-through=-lgcc_s -plugin-opt=-pass-through=-lc -plugin-opt=-pass-through=-lgcc -plugin-opt=-pass-through=-lgcc_s --build-id --eh-frame-hdr --hash-style=gnu -m elf_x86_64 -export-dynamic -dynamic-linker /lib64/ld-linux-x86-64.so.2 -o cmTryCompileExec3662913494 /usr/lib/gcc/x86_64-unknown-linux-gnu/4.9.2/../../../../lib/crt1.o /usr/lib/gcc/x86_64-unknown-linux-gnu/4.9.2/../../../../lib/crti.o /usr/lib/gcc/x86_64-unknown-linux-gnu/4.9.2/crtbegin.o -L/usr/lib/gcc/x86_64-unknown-linux-gnu/4.9.2 -L/usr/lib/gcc/x86_64-unknown-linux-gnu/4.9.2/../../../../lib -L/lib/../lib -L/usr/lib/../lib -L/usr/lib/gcc/x86_64-unknown-linux-gnu/4.9.2/../../.. CMakeFiles/cmTryCompileExec3662913494.dir/CMakeCCompilerABI.c.o -lgcc --as-needed -lgcc_s --no-as-needed -lc -lgcc --as-needed -lgcc_s --no-as-needed /usr/lib/gcc/x86_64-unknown-linux-gnu/4.9.2/crtend.o /usr/lib/gcc/x86_64-unknown-linux-gnu/4.9.2/../../../../lib/crtn.o
make[1]: Leaving directory '/home/leonardojc/Projetos/Trabalhos_C-C++/RobRehabSystem/build/CMakeFiles/CMakeTmp'


Parsed C implicit link information from above output:
  link line regex: [^( *|.*[/\])(ld|([^/\]+-)?ld|collect2)[^/\]*( |$)]
  ignore line: [Change Dir: /home/leonardojc/Projetos/Trabalhos_C-C++/RobRehabSystem/build/CMakeFiles/CMakeTmp]
  ignore line: []
  ignore line: [Run Build Command:"/usr/bin/make" "cmTryCompileExec3662913494/fast"]
  ignore line: [/usr/bin/make -f CMakeFiles/cmTryCompileExec3662913494.dir/build.make CMakeFiles/cmTryCompileExec3662913494.dir/build]
  ignore line: [make[1]: Entering directory '/home/leonardojc/Projetos/Trabalhos_C-C++/RobRehabSystem/build/CMakeFiles/CMakeTmp']
  ignore line: [/usr/bin/cmake -E cmake_progress_report /home/leonardojc/Projetos/Trabalhos_C-C++/RobRehabSystem/build/CMakeFiles/CMakeTmp/CMakeFiles 1]
  ignore line: [Building C object CMakeFiles/cmTryCompileExec3662913494.dir/CMakeCCompilerABI.c.o]
  ignore line: [/usr/bin/cc    -o CMakeFiles/cmTryCompileExec3662913494.dir/CMakeCCompilerABI.c.o   -c /usr/share/cmake-3.1/Modules/CMakeCCompilerABI.c]
  ignore line: [Linking C executable cmTryCompileExec3662913494]
  ignore line: [/usr/bin/cmake -E cmake_link_script CMakeFiles/cmTryCompileExec3662913494.dir/link.txt --verbose=1]
  ignore line: [/usr/bin/cc     -v CMakeFiles/cmTryCompileExec3662913494.dir/CMakeCCompilerABI.c.o  -o cmTryCompileExec3662913494 -rdynamic  ]
  ignore line: [Using built-in specs.]
  ignore line: [COLLECT_GCC=/usr/bin/cc]
  ignore line: [COLLECT_LTO_WRAPPER=/usr/lib/gcc/x86_64-unknown-linux-gnu/4.9.2/lto-wrapper]
  ignore line: [Target: x86_64-unknown-linux-gnu]
  ignore line: [Configured with: /build/gcc-multilib/src/gcc-4.9-20141224/configure --prefix=/usr --libdir=/usr/lib --libexecdir=/usr/lib --mandir=/usr/share/man --infodir=/usr/share/info --with-bugurl=https://bugs.archlinux.org/ --enable-languages=c,c++,ada,fortran,go,lto,objc,obj-c++ --enable-shared --enable-threads=posix --with-system-zlib --enable-__cxa_atexit --disable-libunwind-exceptions --enable-clocale=gnu --disable-libstdcxx-pch --disable-libssp --enable-gnu-unique-object --enable-linker-build-id --enable-cloog-backend=isl --enable-lto --enable-plugin --enable-install-libiberty --with-linker-hash-style=gnu --enable-multilib --disable-werror --enable-checking=release]
  ignore line: [Thread model: posix]
  ignore line: [gcc version 4.9.2 20141224 (prerelease) (GCC) ]
  ignore line: [COMPILER_PATH=/usr/lib/gcc/x86_64-unknown-linux-gnu/4.9.2/:/usr/lib/gcc/x86_64-unknown-linux-gnu/4.9.2/:/usr/lib/gcc/x86_64-unknown-linux-gnu/:/usr/lib/gcc/x86_64-unknown-linux-gnu/4.9.2/:/usr/lib/gcc/x86_64-unknown-linux-gnu/]
  ignore line: [LIBRARY_PATH=/usr/lib/gcc/x86_64-unknown-linux-gnu/4.9.2/:/usr/lib/gcc/x86_64-unknown-linux-gnu/4.9.2/../../../../lib/:/lib/../lib/:/usr/lib/../lib/:/usr/lib/gcc/x86_64-unknown-linux-gnu/4.9.2/../../../:/lib/:/usr/lib/]
  ignore line: [COLLECT_GCC_OPTIONS='-v' '-o' 'cmTryCompileExec3662913494' '-rdynamic' '-mtune=generic' '-march=x86-64']
  link line: [ /usr/lib/gcc/x86_64-unknown-linux-gnu/4.9.2/collect2 -plugin /usr/lib/gcc/x86_64-unknown-linux-gnu/4.9.2/liblto_plugin.so -plugin-opt=/usr/lib/gcc/x86_64-unknown-linux-gnu/4.9.2/lto-wrapper -plugin-opt=-fresolution=/tmp/ccQq2sNv.res -plugin-opt=-pass-through=-lgcc -plugin-opt=-pass-through=-lgcc_s -plugin-opt=-pass-through=-lc -plugin-opt=-pass-through=-lgcc -plugin-opt=-pass-through=-lgcc_s --build-id --eh-frame-hdr --hash-style=gnu -m elf_x86_64 -export-dynamic -dynamic-linker /lib64/ld-linux-x86-64.so.2 -o cmTryCompileExec3662913494 /usr/lib/gcc/x86_64-unknown-linux-gnu/4.9.2/../../../../lib/crt1.o /usr/lib/gcc/x86_64-unknown-linux-gnu/4.9.2/../../../../lib/crti.o /usr/lib/gcc/x86_64-unknown-linux-gnu/4.9.2/crtbegin.o -L/usr/lib/gcc/x86_64-unknown-linux-gnu/4.9.2 -L/usr/lib/gcc/x86_64-unknown-linux-gnu/4.9.2/../../../../lib -L/lib/../lib -L/usr/lib/../lib -L/usr/lib/gcc/x86_64-unknown-linux-gnu/4.9.2/../../.. CMakeFiles/cmTryCompileExec3662913494.dir/CMakeCCompilerABI.c.o -lgcc --as-needed -lgcc_s --no-as-needed -lc -lgcc --as-needed -lgcc_s --no-as-needed /usr/lib/gcc/x86_64-unknown-linux-gnu/4.9.2/crtend.o /usr/lib/gcc/x86_64-unknown-linux-gnu/4.9.2/../../../../lib/crtn.o]
    arg [/usr/lib/gcc/x86_64-unknown-linux-gnu/4.9.2/collect2] ==> ignore
    arg [-plugin] ==> ignore
    arg [/usr/lib/gcc/x86_64-unknown-linux-gnu/4.9.2/liblto_plugin.so] ==> ignore
    arg [-plugin-opt=/usr/lib/gcc/x86_64-unknown-linux-gnu/4.9.2/lto-wrapper] ==> ignore
    arg [-plugin-opt=-fresolution=/tmp/ccQq2sNv.res] ==> ignore
    arg [-plugin-opt=-pass-through=-lgcc] ==> ignore
    arg [-plugin-opt=-pass-through=-lgcc_s] ==> ignore
    arg [-plugin-opt=-pass-through=-lc] ==> ignore
    arg [-plugin-opt=-pass-through=-lgcc] ==> ignore
    arg [-plugin-opt=-pass-through=-lgcc_s] ==> ignore
    arg [--build-id] ==> ignore
    arg [--eh-frame-hdr] ==> ignore
    arg [--hash-style=gnu] ==> ignore
    arg [-m] ==> ignore
    arg [elf_x86_64] ==> ignore
    arg [-export-dynamic] ==> ignore
    arg [-dynamic-linker] ==> ignore
    arg [/lib64/ld-linux-x86-64.so.2] ==> ignore
    arg [-o] ==> ignore
    arg [cmTryCompileExec3662913494] ==> ignore
    arg [/usr/lib/gcc/x86_64-unknown-linux-gnu/4.9.2/../../../../lib/crt1.o] ==> ignore
    arg [/usr/lib/gcc/x86_64-unknown-linux-gnu/4.9.2/../../../../lib/crti.o] ==> ignore
    arg [/usr/lib/gcc/x86_64-unknown-linux-gnu/4.9.2/crtbegin.o] ==> ignore
    arg [-L/usr/lib/gcc/x86_64-unknown-linux-gnu/4.9.2] ==> dir [/usr/lib/gcc/x86_64-unknown-linux-gnu/4.9.2]
    arg [-L/usr/lib/gcc/x86_64-unknown-linux-gnu/4.9.2/../../../../lib] ==> dir [/usr/lib/gcc/x86_64-unknown-linux-gnu/4.9.2/../../../../lib]
    arg [-L/lib/../lib] ==> dir [/lib/../lib]
    arg [-L/usr/lib/../lib] ==> dir [/usr/lib/../lib]
    arg [-L/usr/lib/gcc/x86_64-unknown-linux-gnu/4.9.2/../../..] ==> dir [/usr/lib/gcc/x86_64-unknown-linux-gnu/4.9.2/../../..]
    arg [CMakeFiles/cmTryCompileExec3662913494.dir/CMakeCCompilerABI.c.o] ==> ignore
    arg [-lgcc] ==> lib [gcc]
    arg [--as-needed] ==> ignore
    arg [-lgcc_s] ==> lib [gcc_s]
    arg [--no-as-needed] ==> ignore
    arg [-lc] ==> lib [c]
    arg [-lgcc] ==> lib [gcc]
    arg [--as-needed] ==> ignore
    arg [-lgcc_s] ==> lib [gcc_s]
    arg [--no-as-needed] ==> ignore
    arg [/usr/lib/gcc/x86_64-unknown-linux-gnu/4.9.2/crtend.o] ==> ignore
    arg [/usr/lib/gcc/x86_64-unknown-linux-gnu/4.9.2/../../../../lib/crtn.o] ==> ignore
  remove lib [gcc]
  remove lib [gcc_s]
  remove lib [gcc]
  remove lib [gcc_s]
  collapse library dir [/usr/lib/gcc/x86_64-unknown-linux-gnu/4.9.2] ==> [/usr/lib/gcc/x86_64-unknown-linux-gnu/4.9.2]
  collapse library dir [/usr/lib/gcc/x86_64-unknown-linux-gnu/4.9.2/../../../../lib] ==> [/usr/lib]
  collapse library dir [/lib/../lib] ==> [/lib]
  collapse library dir [/usr/lib/../lib] ==> [/usr/lib]
  collapse library dir [/usr/lib/gcc/x86_64-unknown-linux-gnu/4.9.2/../../..] ==> [/usr/lib]
  implicit libs: [c]
  implicit dirs: [/usr/lib/gcc/x86_64-unknown-linux-gnu/4.9.2;/usr/lib;/lib]
  implicit fwks: []




Detecting C [-std=c90] compiler features compiled with the following output:
Change Dir: /home/leonardojc/Projetos/Trabalhos_C-C++/RobRehabSystem/build/CMakeFiles/CMakeTmp

Run Build Command:"/usr/bin/make" "cmTryCompileExec853770521/fast"
/usr/bin/make -f CMakeFiles/cmTryCompileExec853770521.dir/build.make CMakeFiles/cmTryCompileExec853770521.dir/build
make[1]: Entering directory '/home/leonardojc/Projetos/Trabalhos_C-C++/RobRehabSystem/build/CMakeFiles/CMakeTmp'
/usr/bin/cmake -E cmake_progress_report /home/leonardojc/Projetos/Trabalhos_C-C++/RobRehabSystem/build/CMakeFiles/CMakeTmp/CMakeFiles 1
Building C object CMakeFiles/cmTryCompileExec853770521.dir/feature_tests.c.o
/usr/bin/cc   -std=c90 -o CMakeFiles/cmTryCompileExec853770521.dir/feature_tests.c.o   -c /home/leonardojc/Projetos/Trabalhos_C-C++/RobRehabSystem/build/CMakeFiles/feature_tests.c
Linking C executable cmTryCompileExec853770521
/usr/bin/cmake -E cmake_link_script CMakeFiles/cmTryCompileExec853770521.dir/link.txt --verbose=1
/usr/bin/cc      CMakeFiles/cmTryCompileExec853770521.dir/feature_tests.c.o  -o cmTryCompileExec853770521 -rdynamic 
make[1]: Leaving directory '/home/leonardojc/Projetos/Trabalhos_C-C++/RobRehabSystem/build/CMakeFiles/CMakeTmp'


    Feature record: C_FEATURE:1c_function_prototypes
    Feature record: C_FEATURE:0c_restrict
    Feature record: C_FEATURE:0c_static_assert
    Feature record: C_FEATURE:0c_variadic_macros


Detecting C [-std=c99] compiler features compiled with the following output:
Change Dir: /home/leonardojc/Projetos/Trabalhos_C-C++/RobRehabSystem/build/CMakeFiles/CMakeTmp

Run Build Command:"/usr/bin/make" "cmTryCompileExec1043940331/fast"
/usr/bin/make -f CMakeFiles/cmTryCompileExec1043940331.dir/build.make CMakeFiles/cmTryCompileExec1043940331.dir/build
make[1]: Entering directory '/home/leonardojc/Projetos/Trabalhos_C-C++/RobRehabSystem/build/CMakeFiles/CMakeTmp'
/usr/bin/cmake -E cmake_progress_report /home/leonardojc/Projetos/Trabalhos_C-C++/RobRehabSystem/build/CMakeFiles/CMakeTmp/CMakeFiles 1
Building C object CMakeFiles/cmTryCompileExec1043940331.dir/feature_tests.c.o
/usr/bin/cc   -std=c99 -o CMakeFiles/cmTryCompileExec1043940331.dir/feature_tests.c.o   -c /home/leonardojc/Projetos/Trabalhos_C-C++/RobRehabSystem/build/CMakeFiles/feature_tests.c
Linking C executable cmTryCompileExec1043940331
/usr/bin/cmake -E cmake_link_script CMakeFiles/cmTryCompileExec1043940331.dir/link.txt --verbose=1
/usr/bin/cc      CMakeFiles/cmTryCompileExec1043940331.dir/feature_tests.c.o  -o cmTryCompileExec1043940331 -rdynamic 
make[1]: Leaving directory '/home/leonardojc/Projetos/Trabalhos_C-C++/RobRehabSystem/build/CMakeFiles/CMakeTmp'


    Feature record: C_FEATURE:0c_function_prototypes
    Feature record: C_FEATURE:1c_restrict
    Feature record: C_FEATURE:0c_static_assert
    Feature record: C_FEATURE:1c_variadic_macros


Detecting C [-std=c11] compiler features compiled with the following output:
Change Dir: /home/leonardojc/Projetos/Trabalhos_C-C++/RobRehabSystem/build/CMakeFiles/CMakeTmp

Run Build Command:"/usr/bin/make" "cmTryCompileExec937616541/fast"
/usr/bin/make -f CMakeFiles/cmTryCompileExec937616541.dir/build.make CMakeFiles/cmTryCompileExec937616541.dir/build
make[1]: Entering directory '/home/leonardojc/Projetos/Trabalhos_C-C++/RobRehabSystem/build/CMakeFiles/CMakeTmp'
/usr/bin/cmake -E cmake_progress_report /home/leonardojc/Projetos/Trabalhos_C-C++/RobRehabSystem/build/CMakeFiles/CMakeTmp/CMakeFiles 1
Building C object CMakeFiles/cmTryCompileExec937616541.dir/feature_tests.c.o
/usr/bin/cc   -std=c11 -o CMakeFiles/cmTryCompileExec937616541.dir/feature_tests.c.o   -c /home/leonardojc/Projetos/Trabalhos_C-C++/RobRehabSystem/build/CMakeFiles/feature_tests.c
Linking C executable cmTryCompileExec937616541
/usr/bin/cmake -E cmake_link_script CMakeFiles/cmTryCompileExec937616541.dir/link.txt --verbose=1
/usr/bin/cc      CMakeFiles/cmTryCompileExec937616541.dir/feature_tests.c.o  -o cmTryCompileExec937616541 -rdynamic 
make[1]: Leaving directory '/home/leonardojc/Projetos/Trabalhos_C-C++/RobRehabSystem/build/CMakeFiles/CMakeTmp'


    Feature record: C_FEATURE:0c_function_prototypes
    Feature record: C_FEATURE:1c_restrict
    Feature record: C_FEATURE:1c_static_assert
    Feature record: C_FEATURE:1c_variadic_macros
Determining if the CXX compiler works passed with the following output:
Change Dir: /home/leonardojc/Projetos/Trabalhos_C-C++/RobRehabSystem/build/CMakeFiles/CMakeTmp

Run Build Command:"/usr/bin/make" "cmTryCompileExec415523386/fast"
/usr/bin/make -f CMakeFiles/cmTryCompileExec415523386.dir/build.make CMakeFiles/cmTryCompileExec415523386.dir/build
make[1]: Entering directory '/home/leonardojc/Projetos/Trabalhos_C-C++/RobRehabSystem/build/CMakeFiles/CMakeTmp'
/usr/bin/cmake -E cmake_progress_report /home/leonardojc/Projetos/Trabalhos_C-C++/RobRehabSystem/build/CMakeFiles/CMakeTmp/CMakeFiles 1
Building CXX object CMakeFiles/cmTryCompileExec415523386.dir/testCXXCompiler.cxx.o
/usr/bin/c++     -o CMakeFiles/cmTryCompileExec415523386.dir/testCXXCompiler.cxx.o -c /home/leonardojc/Projetos/Trabalhos_C-C++/RobRehabSystem/build/CMakeFiles/CMakeTmp/testCXXCompiler.cxx
Linking CXX executable cmTryCompileExec415523386
/usr/bin/cmake -E cmake_link_script CMakeFiles/cmTryCompileExec415523386.dir/link.txt --verbose=1
/usr/bin/c++       CMakeFiles/cmTryCompileExec415523386.dir/testCXXCompiler.cxx.o  -o cmTryCompileExec415523386 -rdynamic 
make[1]: Leaving directory '/home/leonardojc/Projetos/Trabalhos_C-C++/RobRehabSystem/build/CMakeFiles/CMakeTmp'


Detecting CXX compiler ABI info compiled with the following output:
Change Dir: /home/leonardojc/Projetos/Trabalhos_C-C++/RobRehabSystem/build/CMakeFiles/CMakeTmp

Run Build Command:"/usr/bin/make" "cmTryCompileExec2473792778/fast"
/usr/bin/make -f CMakeFiles/cmTryCompileExec2473792778.dir/build.make CMakeFiles/cmTryCompileExec2473792778.dir/build
make[1]: Entering directory '/home/leonardojc/Projetos/Trabalhos_C-C++/RobRehabSystem/build/CMakeFiles/CMakeTmp'
/usr/bin/cmake -E cmake_progress_report /home/leonardojc/Projetos/Trabalhos_C-C++/RobRehabSystem/build/CMakeFiles/CMakeTmp/CMakeFiles 1
Building CXX object CMakeFiles/cmTryCompileExec2473792778.dir/CMakeCXXCompilerABI.cpp.o
/usr/bin/c++     -o CMakeFiles/cmTryCompileExec2473792778.dir/CMakeCXXCompilerABI.cpp.o -c /usr/share/cmake-3.1/Modules/CMakeCXXCompilerABI.cpp
Linking CXX executable cmTryCompileExec2473792778
/usr/bin/cmake -E cmake_link_script CMakeFiles/cmTryCompileExec2473792778.dir/link.txt --verbose=1
/usr/bin/c++      -v CMakeFiles/cmTryCompileExec2473792778.dir/CMakeCXXCompilerABI.cpp.o  -o cmTryCompileExec2473792778 -rdynamic  
Using built-in specs.
COLLECT_GCC=/usr/bin/c++
COLLECT_LTO_WRAPPER=/usr/lib/gcc/x86_64-unknown-linux-gnu/4.9.2/lto-wrapper
Target: x86_64-unknown-linux-gnu
Configured with: /build/gcc-multilib/src/gcc-4.9-20141224/configure --prefix=/usr --libdir=/usr/lib --libexecdir=/usr/lib --mandir=/usr/share/man --infodir=/usr/share/info --with-bugurl=https://bugs.archlinux.org/ --enable-languages=c,c++,ada,fortran,go,lto,objc,obj-c++ --enable-shared --enable-threads=posix --with-system-zlib --enable-__cxa_atexit --disable-libunwind-exceptions --enable-clocale=gnu --disable-libstdcxx-pch --disable-libssp --enable-gnu-unique-object --enable-linker-build-id --enable-cloog-backend=isl --enable-lto --enable-plugin --enable-install-libiberty --with-linker-hash-style=gnu --enable-multilib --disable-werror --enable-checking=release
Thread model: posix
gcc version 4.9.2 20141224 (prerelease) (GCC) 
COMPILER_PATH=/usr/lib/gcc/x86_64-unknown-linux-gnu/4.9.2/:/usr/lib/gcc/x86_64-unknown-linux-gnu/4.9.2/:/usr/lib/gcc/x86_64-unknown-linux-gnu/:/usr/lib/gcc/x86_64-unknown-linux-gnu/4.9.2/:/usr/lib/gcc/x86_64-unknown-linux-gnu/
LIBRARY_PATH=/usr/lib/gcc/x86_64-unknown-linux-gnu/4.9.2/:/usr/lib/gcc/x86_64-unknown-linux-gnu/4.9.2/../../../../lib/:/lib/../lib/:/usr/lib/../lib/:/usr/lib/gcc/x86_64-unknown-linux-gnu/4.9.2/../../../:/lib/:/usr/lib/
COLLECT_GCC_OPTIONS='-v' '-o' 'cmTryCompileExec2473792778' '-rdynamic' '-shared-libgcc' '-mtune=generic' '-march=x86-64'
 /usr/lib/gcc/x86_64-unknown-linux-gnu/4.9.2/collect2 -plugin /usr/lib/gcc/x86_64-unknown-linux-gnu/4.9.2/liblto_plugin.so -plugin-opt=/usr/lib/gcc/x86_64-unknown-linux-gnu/4.9.2/lto-wrapper -plugin-opt=-fresolution=/tmp/cczM1Jyf.res -plugin-opt=-pass-through=-lgcc_s -plugin-opt=-pass-through=-lgcc -plugin-opt=-pass-through=-lc -plugin-opt=-pass-through=-lgcc_s -plugin-opt=-pass-through=-lgcc --build-id --eh-frame-hdr --hash-style=gnu -m elf_x86_64 -export-dynamic -dynamic-linker /lib64/ld-linux-x86-64.so.2 -o cmTryCompileExec2473792778 /usr/lib/gcc/x86_64-unknown-linux-gnu/4.9.2/../../../../lib/crt1.o /usr/lib/gcc/x86_64-unknown-linux-gnu/4.9.2/../../../../lib/crti.o /usr/lib/gcc/x86_64-unknown-linux-gnu/4.9.2/crtbegin.o -L/usr/lib/gcc/x86_64-unknown-linux-gnu/4.9.2 -L/usr/lib/gcc/x86_64-unknown-linux-gnu/4.9.2/../../../../lib -L/lib/../lib -L/usr/lib/../lib -L/usr/lib/gcc/x86_64-unknown-linux-gnu/4.9.2/../../.. CMakeFiles/cmTryCompileExec2473792778.dir/CMakeCXXCompilerABI.cpp.o -lstdc++ -lm -lgcc_s -lgcc -lc -lgcc_s -lgcc /usr/lib/gcc/x86_64-unknown-linux-gnu/4.9.2/crtend.o /usr/lib/gcc/x86_64-unknown-linux-gnu/4.9.2/../../../../lib/crtn.o
make[1]: Leaving directory '/home/leonardojc/Projetos/Trabalhos_C-C++/RobRehabSystem/build/CMakeFiles/CMakeTmp'


Parsed CXX implicit link information from above output:
  link line regex: [^( *|.*[/\])(ld|([^/\]+-)?ld|collect2)[^/\]*( |$)]
  ignore line: [Change Dir: /home/leonardojc/Projetos/Trabalhos_C-C++/RobRehabSystem/build/CMakeFiles/CMakeTmp]
  ignore line: []
  ignore line: [Run Build Command:"/usr/bin/make" "cmTryCompileExec2473792778/fast"]
  ignore line: [/usr/bin/make -f CMakeFiles/cmTryCompileExec2473792778.dir/build.make CMakeFiles/cmTryCompileExec2473792778.dir/build]
  ignore line: [make[1]: Entering directory '/home/leonardojc/Projetos/Trabalhos_C-C++/RobRehabSystem/build/CMakeFiles/CMakeTmp']
  ignore line: [/usr/bin/cmake -E cmake_progress_report /home/leonardojc/Projetos/Trabalhos_C-C++/RobRehabSystem/build/CMakeFiles/CMakeTmp/CMakeFiles 1]
  ignore line: [Building CXX object CMakeFiles/cmTryCompileExec2473792778.dir/CMakeCXXCompilerABI.cpp.o]
  ignore line: [/usr/bin/c++     -o CMakeFiles/cmTryCompileExec2473792778.dir/CMakeCXXCompilerABI.cpp.o -c /usr/share/cmake-3.1/Modules/CMakeCXXCompilerABI.cpp]
  ignore line: [Linking CXX executable cmTryCompileExec2473792778]
  ignore line: [/usr/bin/cmake -E cmake_link_script CMakeFiles/cmTryCompileExec2473792778.dir/link.txt --verbose=1]
  ignore line: [/usr/bin/c++      -v CMakeFiles/cmTryCompileExec2473792778.dir/CMakeCXXCompilerABI.cpp.o  -o cmTryCompileExec2473792778 -rdynamic  ]
  ignore line: [Using built-in specs.]
  ignore line: [COLLECT_GCC=/usr/bin/c++]
  ignore line: [COLLECT_LTO_WRAPPER=/usr/lib/gcc/x86_64-unknown-linux-gnu/4.9.2/lto-wrapper]
  ignore line: [Target: x86_64-unknown-linux-gnu]
  ignore line: [Configured with: /build/gcc-multilib/src/gcc-4.9-20141224/configure --prefix=/usr --libdir=/usr/lib --libexecdir=/usr/lib --mandir=/usr/share/man --infodir=/usr/share/info --with-bugurl=https://bugs.archlinux.org/ --enable-languages=c,c++,ada,fortran,go,lto,objc,obj-c++ --enable-shared --enable-threads=posix --with-system-zlib --enable-__cxa_atexit --disable-libunwind-exceptions --enable-clocale=gnu --disable-libstdcxx-pch --disable-libssp --enable-gnu-unique-object --enable-linker-build-id --enable-cloog-backend=isl --enable-lto --enable-plugin --enable-install-libiberty --with-linker-hash-style=gnu --enable-multilib --disable-werror --enable-checking=release]
  ignore line: [Thread model: posix]
  ignore line: [gcc version 4.9.2 20141224 (prerelease) (GCC) ]
  ignore line: [COMPILER_PATH=/usr/lib/gcc/x86_64-unknown-linux-gnu/4.9.2/:/usr/lib/gcc/x86_64-unknown-linux-gnu/4.9.2/:/usr/lib/gcc/x86_64-unknown-linux-gnu/:/usr/lib/gcc/x86_64-unknown-linux-gnu/4.9.2/:/usr/lib/gcc/x86_64-unknown-linux-gnu/]
  ignore line: [LIBRARY_PATH=/usr/lib/gcc/x86_64-unknown-linux-gnu/4.9.2/:/usr/lib/gcc/x86_64-unknown-linux-gnu/4.9.2/../../../../lib/:/lib/../lib/:/usr/lib/../lib/:/usr/lib/gcc/x86_64-unknown-linux-gnu/4.9.2/../../../:/lib/:/usr/lib/]
  ignore line: [COLLECT_GCC_OPTIONS='-v' '-o' 'cmTryCompileExec2473792778' '-rdynamic' '-shared-libgcc' '-mtune=generic' '-march=x86-64']
  link line: [ /usr/lib/gcc/x86_64-unknown-linux-gnu/4.9.2/collect2 -plugin /usr/lib/gcc/x86_64-unknown-linux-gnu/4.9.2/liblto_plugin.so -plugin-opt=/usr/lib/gcc/x86_64-unknown-linux-gnu/4.9.2/lto-wrapper -plugin-opt=-fresolution=/tmp/cczM1Jyf.res -plugin-opt=-pass-through=-lgcc_s -plugin-opt=-pass-through=-lgcc -plugin-opt=-pass-through=-lc -plugin-opt=-pass-through=-lgcc_s -plugin-opt=-pass-through=-lgcc --build-id --eh-frame-hdr --hash-style=gnu -m elf_x86_64 -export-dynamic -dynamic-linker /lib64/ld-linux-x86-64.so.2 -o cmTryCompileExec2473792778 /usr/lib/gcc/x86_64-unknown-linux-gnu/4.9.2/../../../../lib/crt1.o /usr/lib/gcc/x86_64-unknown-linux-gnu/4.9.2/../../../../lib/crti.o /usr/lib/gcc/x86_64-unknown-linux-gnu/4.9.2/crtbegin.o -L/usr/lib/gcc/x86_64-unknown-linux-gnu/4.9.2 -L/usr/lib/gcc/x86_64-unknown-linux-gnu/4.9.2/../../../../lib -L/lib/../lib -L/usr/lib/../lib -L/usr/lib/gcc/x86_64-unknown-linux-gnu/4.9.2/../../.. CMakeFiles/cmTryCompileExec2473792778.dir/CMakeCXXCompilerABI.cpp.o -lstdc++ -lm -lgcc_s -lgcc -lc -lgcc_s -lgcc /usr/lib/gcc/x86_64-unknown-linux-gnu/4.9.2/crtend.o /usr/lib/gcc/x86_64-unknown-linux-gnu/4.9.2/../../../../lib/crtn.o]
    arg [/usr/lib/gcc/x86_64-unknown-linux-gnu/4.9.2/collect2] ==> ignore
    arg [-plugin] ==> ignore
    arg [/usr/lib/gcc/x86_64-unknown-linux-gnu/4.9.2/liblto_plugin.so] ==> ignore
    arg [-plugin-opt=/usr/lib/gcc/x86_64-unknown-linux-gnu/4.9.2/lto-wrapper] ==> ignore
    arg [-plugin-opt=-fresolution=/tmp/cczM1Jyf.res] ==> ignore
    arg [-plugin-opt=-pass-through=-lgcc_s] ==> ignore
    arg [-plugin-opt=-pass-through=-lgcc] ==> ignore
    arg [-plugin-opt=-pass-through=-lc] ==> ignore
    arg [-plugin-opt=-pass-through=-lgcc_s] ==> ignore
    arg [-plugin-opt=-pass-through=-lgcc] ==> ignore
    arg [--build-id] ==> ignore
    arg [--eh-frame-hdr] ==> ignore
    arg [--hash-style=gnu] ==> ignore
    arg [-m] ==> ignore
    arg [elf_x86_64] ==> ignore
    arg [-export-dynamic] ==> ignore
    arg [-dynamic-linker] ==> ignore
    arg [/lib64/ld-linux-x86-64.so.2] ==> ignore
    arg [-o] ==> ignore
    arg [cmTryCompileExec2473792778] ==> ignore
    arg [/usr/lib/gcc/x86_64-unknown-linux-gnu/4.9.2/../../../../lib/crt1.o] ==> ignore
    arg [/usr/lib/gcc/x86_64-unknown-linux-gnu/4.9.2/../../../../lib/crti.o] ==> ignore
    arg [/usr/lib/gcc/x86_64-unknown-linux-gnu/4.9.2/crtbegin.o] ==> ignore
    arg [-L/usr/lib/gcc/x86_64-unknown-linux-gnu/4.9.2] ==> dir [/usr/lib/gcc/x86_64-unknown-linux-gnu/4.9.2]
    arg [-L/usr/lib/gcc/x86_64-unknown-linux-gnu/4.9.2/../../../../lib] ==> dir [/usr/lib/gcc/x86_64-unknown-linux-gnu/4.9.2/../../../../lib]
    arg [-L/lib/../lib] ==> dir [/lib/../lib]
    arg [-L/usr/lib/../lib] ==> dir [/usr/lib/../lib]
    arg [-L/usr/lib/gcc/x86_64-unknown-linux-gnu/4.9.2/../../..] ==> dir [/usr/lib/gcc/x86_64-unknown-linux-gnu/4.9.2/../../..]
    arg [CMakeFiles/cmTryCompileExec2473792778.dir/CMakeCXXCompilerABI.cpp.o] ==> ignore
    arg [-lstdc++] ==> lib [stdc++]
    arg [-lm] ==> lib [m]
    arg [-lgcc_s] ==> lib [gcc_s]
    arg [-lgcc] ==> lib [gcc]
    arg [-lc] ==> lib [c]
    arg [-lgcc_s] ==> lib [gcc_s]
    arg [-lgcc] ==> lib [gcc]
    arg [/usr/lib/gcc/x86_64-unknown-linux-gnu/4.9.2/crtend.o] ==> ignore
    arg [/usr/lib/gcc/x86_64-unknown-linux-gnu/4.9.2/../../../../lib/crtn.o] ==> ignore
  remove lib [gcc_s]
  remove lib [gcc]
  remove lib [gcc_s]
  remove lib [gcc]
  collapse library dir [/usr/lib/gcc/x86_64-unknown-linux-gnu/4.9.2] ==> [/usr/lib/gcc/x86_64-unknown-linux-gnu/4.9.2]
  collapse library dir [/usr/lib/gcc/x86_64-unknown-linux-gnu/4.9.2/../../../../lib] ==> [/usr/lib]
  collapse library dir [/lib/../lib] ==> [/lib]
  collapse library dir [/usr/lib/../lib] ==> [/usr/lib]
  collapse library dir [/usr/lib/gcc/x86_64-unknown-linux-gnu/4.9.2/../../..] ==> [/usr/lib]
  implicit libs: [stdc++;m;c]
  implicit dirs: [/usr/lib/gcc/x86_64-unknown-linux-gnu/4.9.2;/usr/lib;/lib]
  implicit fwks: []




Detecting CXX [-std=c++1y] compiler features compiled with the following output:
Change Dir: /home/leonardojc/Projetos/Trabalhos_C-C++/RobRehabSystem/build/CMakeFiles/CMakeTmp

Run Build Command:"/usr/bin/make" "cmTryCompileExec2217046315/fast"
/usr/bin/make -f CMakeFiles/cmTryCompileExec2217046315.dir/build.make CMakeFiles/cmTryCompileExec2217046315.dir/build
make[1]: Entering directory '/home/leonardojc/Projetos/Trabalhos_C-C++/RobRehabSystem/build/CMakeFiles/CMakeTmp'
/usr/bin/cmake -E cmake_progress_report /home/leonardojc/Projetos/Trabalhos_C-C++/RobRehabSystem/build/CMakeFiles/CMakeTmp/CMakeFiles 1
Building CXX object CMakeFiles/cmTryCompileExec2217046315.dir/feature_tests.cxx.o
/usr/bin/c++    -std=c++1y -o CMakeFiles/cmTryCompileExec2217046315.dir/feature_tests.cxx.o -c /home/leonardojc/Projetos/Trabalhos_C-C++/RobRehabSystem/build/CMakeFiles/feature_tests.cxx
Linking CXX executable cmTryCompileExec2217046315
/usr/bin/cmake -E cmake_link_script CMakeFiles/cmTryCompileExec2217046315.dir/link.txt --verbose=1
/usr/bin/c++       CMakeFiles/cmTryCompileExec2217046315.dir/feature_tests.cxx.o  -o cmTryCompileExec2217046315 -rdynamic 
make[1]: Leaving directory '/home/leonardojc/Projetos/Trabalhos_C-C++/RobRehabSystem/build/CMakeFiles/CMakeTmp'


    Feature record: CXX_FEATURE:1cxx_alias_templates
    Feature record: CXX_FEATURE:1cxx_alignas
    Feature record: CXX_FEATURE:1cxx_alignof
    Feature record: CXX_FEATURE:1cxx_attributes
    Feature record: CXX_FEATURE:1cxx_attribute_deprecated
    Feature record: CXX_FEATURE:1cxx_auto_type
    Feature record: CXX_FEATURE:1cxx_binary_literals
    Feature record: CXX_FEATURE:1cxx_constexpr
    Feature record: CXX_FEATURE:1cxx_contextual_conversions
    Feature record: CXX_FEATURE:1cxx_decltype
    Feature record: CXX_FEATURE:1cxx_decltype_auto
    Feature record: CXX_FEATURE:1cxx_decltype_incomplete_return_types
    Feature record: CXX_FEATURE:1cxx_default_function_template_args
    Feature record: CXX_FEATURE:1cxx_defaulted_functions
    Feature record: CXX_FEATURE:1cxx_defaulted_move_initializers
    Feature record: CXX_FEATURE:1cxx_delegating_constructors
    Feature record: CXX_FEATURE:1cxx_deleted_functions
    Feature record: CXX_FEATURE:1cxx_digit_separators
    Feature record: CXX_FEATURE:1cxx_enum_forward_declarations
    Feature record: CXX_FEATURE:1cxx_explicit_conversions
    Feature record: CXX_FEATURE:1cxx_extended_friend_declarations
    Feature record: CXX_FEATURE:1cxx_extern_templates
    Feature record: CXX_FEATURE:1cxx_final
    Feature record: CXX_FEATURE:1cxx_func_identifier
    Feature record: CXX_FEATURE:1cxx_generalized_initializers
    Feature record: CXX_FEATURE:1cxx_generic_lambdas
    Feature record: CXX_FEATURE:1cxx_inheriting_constructors
    Feature record: CXX_FEATURE:1cxx_inline_namespaces
    Feature record: CXX_FEATURE:1cxx_lambdas
    Feature record: CXX_FEATURE:1cxx_lambda_init_captures
    Feature record: CXX_FEATURE:1cxx_local_type_template_args
    Feature record: CXX_FEATURE:1cxx_long_long_type
    Feature record: CXX_FEATURE:1cxx_noexcept
    Feature record: CXX_FEATURE:1cxx_nonstatic_member_init
    Feature record: CXX_FEATURE:1cxx_nullptr
    Feature record: CXX_FEATURE:1cxx_override
    Feature record: CXX_FEATURE:1cxx_range_for
    Feature record: CXX_FEATURE:1cxx_raw_string_literals
    Feature record: CXX_FEATURE:1cxx_reference_qualified_functions
    Feature record: CXX_FEATURE:1cxx_return_type_deduction
    Feature record: CXX_FEATURE:1cxx_right_angle_brackets
    Feature record: CXX_FEATURE:1cxx_rvalue_references
    Feature record: CXX_FEATURE:1cxx_sizeof_member
    Feature record: CXX_FEATURE:1cxx_static_assert
    Feature record: CXX_FEATURE:1cxx_strong_enums
    Feature record: CXX_FEATURE:1cxx_template_template_parameters
    Feature record: CXX_FEATURE:1cxx_thread_local
    Feature record: CXX_FEATURE:1cxx_trailing_return_types
    Feature record: CXX_FEATURE:1cxx_unicode_literals
    Feature record: CXX_FEATURE:1cxx_uniform_initialization
    Feature record: CXX_FEATURE:1cxx_unrestricted_unions
    Feature record: CXX_FEATURE:1cxx_user_literals
    Feature record: CXX_FEATURE:1cxx_variadic_macros
    Feature record: CXX_FEATURE:1cxx_variadic_templates


Detecting CXX [-std=c++11] compiler features compiled with the following output:
Change Dir: /home/leonardojc/Projetos/Trabalhos_C-C++/RobRehabSystem/build/CMakeFiles/CMakeTmp

Run Build Command:"/usr/bin/make" "cmTryCompileExec3512653733/fast"
/usr/bin/make -f CMakeFiles/cmTryCompileExec3512653733.dir/build.make CMakeFiles/cmTryCompileExec3512653733.dir/build
make[1]: Entering directory '/home/leonardojc/Projetos/Trabalhos_C-C++/RobRehabSystem/build/CMakeFiles/CMakeTmp'
/usr/bin/cmake -E cmake_progress_report /home/leonardojc/Projetos/Trabalhos_C-C++/RobRehabSystem/build/CMakeFiles/CMakeTmp/CMakeFiles 1
Building CXX object CMakeFiles/cmTryCompileExec3512653733.dir/feature_tests.cxx.o
/usr/bin/c++    -std=c++11 -o CMakeFiles/cmTryCompileExec3512653733.dir/feature_tests.cxx.o -c /home/leonardojc/Projetos/Trabalhos_C-C++/RobRehabSystem/build/CMakeFiles/feature_tests.cxx
Linking CXX executable cmTryCompileExec3512653733
/usr/bin/cmake -E cmake_link_script CMakeFiles/cmTryCompileExec3512653733.dir/link.txt --verbose=1
/usr/bin/c++       CMakeFiles/cmTryCompileExec3512653733.dir/feature_tests.cxx.o  -o cmTryCompileExec3512653733 -rdynamic 
make[1]: Leaving directory '/home/leonardojc/Projetos/Trabalhos_C-C++/RobRehabSystem/build/CMakeFiles/CMakeTmp'


    Feature record: CXX_FEATURE:1cxx_alias_templates
    Feature record: CXX_FEATURE:1cxx_alignas
    Feature record: CXX_FEATURE:1cxx_alignof
    Feature record: CXX_FEATURE:1cxx_attributes
    Feature record: CXX_FEATURE:0cxx_attribute_deprecated
    Feature record: CXX_FEATURE:1cxx_auto_type
    Feature record: CXX_FEATURE:0cxx_binary_literals
    Feature record: CXX_FEATURE:1cxx_constexpr
    Feature record: CXX_FEATURE:0cxx_contextual_conversions
    Feature record: CXX_FEATURE:1cxx_decltype
    Feature record: CXX_FEATURE:0cxx_decltype_auto
    Feature record: CXX_FEATURE:1cxx_decltype_incomplete_return_types
    Feature record: CXX_FEATURE:1cxx_default_function_template_args
    Feature record: CXX_FEATURE:1cxx_defaulted_functions
    Feature record: CXX_FEATURE:1cxx_defaulted_move_initializers
    Feature record: CXX_FEATURE:1cxx_delegating_constructors
    Feature record: CXX_FEATURE:1cxx_deleted_functions
    Feature record: CXX_FEATURE:0cxx_digit_separators
    Feature record: CXX_FEATURE:1cxx_enum_forward_declarations
    Feature record: CXX_FEATURE:1cxx_explicit_conversions
    Feature record: CXX_FEATURE:1cxx_extended_friend_declarations
    Feature record: CXX_FEATURE:1cxx_extern_templates
    Feature record: CXX_FEATURE:1cxx_final
    Feature record: CXX_FEATURE:1cxx_func_identifier
    Feature record: CXX_FEATURE:1cxx_generalized_initializers
    Feature record: CXX_FEATURE:0cxx_generic_lambdas
    Feature record: CXX_FEATURE:1cxx_inheriting_constructors
    Feature record: CXX_FEATURE:1cxx_inline_namespaces
    Feature record: CXX_FEATURE:1cxx_lambdas
    Feature record: CXX_FEATURE:0cxx_lambda_init_captures
    Feature record: CXX_FEATURE:1cxx_local_type_template_args
    Feature record: CXX_FEATURE:1cxx_long_long_type
    Feature record: CXX_FEATURE:1cxx_noexcept
    Feature record: CXX_FEATURE:1cxx_nonstatic_member_init
    Feature record: CXX_FEATURE:1cxx_nullptr
    Feature record: CXX_FEATURE:1cxx_override
    Feature record: CXX_FEATURE:1cxx_range_for
    Feature record: CXX_FEATURE:1cxx_raw_string_literals
    Feature record: CXX_FEATURE:1cxx_reference_qualified_functions
    Feature record: CXX_FEATURE:0cxx_return_type_deduction
    Feature record: CXX_FEATURE:1cxx_right_angle_brackets
    Feature record: CXX_FEATURE:1cxx_rvalue_references
    Feature record: CXX_FEATURE:1cxx_sizeof_member
    Feature record: CXX_FEATURE:1cxx_static_assert
    Feature record: CXX_FEATURE:1cxx_strong_enums
    Feature record: CXX_FEATURE:1cxx_template_template_parameters
    Feature record: CXX_FEATURE:1cxx_thread_local
    Feature record: CXX_FEATURE:1cxx_trailing_return_types
    Feature record: CXX_FEATURE:1cxx_unicode_literals
    Feature record: CXX_FEATURE:1cxx_uniform_initialization
    Feature record: CXX_FEATURE:1cxx_unrestricted_unions
    Feature record: CXX_FEATURE:1cxx_user_literals
    Feature record: CXX_FEATURE:1cxx_variadic_macros
    Feature record: CXX_FEATURE:1cxx_variadic_templates


Detecting CXX [-std=c++98] compiler features compiled with the following output:
Change Dir: /home/leonardojc/Projetos/Trabalhos_C-C++/RobRehabSystem/build/CMakeFiles/CMakeTmp

Run Build Command:"/usr/bin/make" "cmTryCompileExec1359233875/fast"
/usr/bin/make -f CMakeFiles/cmTryCompileExec1359233875.dir/build.make CMakeFiles/cmTryCompileExec1359233875.dir/build
make[1]: Entering directory '/home/leonardojc/Projetos/Trabalhos_C-C++/RobRehabSystem/build/CMakeFiles/CMakeTmp'
/usr/bin/cmake -E cmake_progress_report /home/leonardojc/Projetos/Trabalhos_C-C++/RobRehabSystem/build/CMakeFiles/CMakeTmp/CMakeFiles 1
Building CXX object CMakeFiles/cmTryCompileExec1359233875.dir/feature_tests.cxx.o
/usr/bin/c++    -std=c++98 -o CMakeFiles/cmTryCompileExec1359233875.dir/feature_tests.cxx.o -c /home/leonardojc/Projetos/Trabalhos_C-C++/RobRehabSystem/build/CMakeFiles/feature_tests.cxx
Linking CXX executable cmTryCompileExec1359233875
/usr/bin/cmake -E cmake_link_script CMakeFiles/cmTryCompileExec1359233875.dir/link.txt --verbose=1
/usr/bin/c++       CMakeFiles/cmTryCompileExec1359233875.dir/feature_tests.cxx.o  -o cmTryCompileExec1359233875 -rdynamic 
make[1]: Leaving directory '/home/leonardojc/Projetos/Trabalhos_C-C++/RobRehabSystem/build/CMakeFiles/CMakeTmp'


    Feature record: CXX_FEATURE:0cxx_alias_templates
    Feature record: CXX_FEATURE:0cxx_alignas
    Feature record: CXX_FEATURE:0cxx_alignof
    Feature record: CXX_FEATURE:0cxx_attributes
    Feature record: CXX_FEATURE:0cxx_attribute_deprecated
    Feature record: CXX_FEATURE:0cxx_auto_type
    Feature record: CXX_FEATURE:0cxx_binary_literals
    Feature record: CXX_FEATURE:0cxx_constexpr
    Feature record: CXX_FEATURE:0cxx_contextual_conversions
    Feature record: CXX_FEATURE:0cxx_decltype
    Feature record: CXX_FEATURE:0cxx_decltype_auto
    Feature record: CXX_FEATURE:0cxx_decltype_incomplete_return_types
    Feature record: CXX_FEATURE:0cxx_default_function_template_args
    Feature record: CXX_FEATURE:0cxx_defaulted_functions
    Feature record: CXX_FEATURE:0cxx_defaulted_move_initializers
    Feature record: CXX_FEATURE:0cxx_delegating_constructors
    Feature record: CXX_FEATURE:0cxx_deleted_functions
    Feature record: CXX_FEATURE:0cxx_digit_separators
    Feature record: CXX_FEATURE:0cxx_enum_forward_declarations
    Feature record: CXX_FEATURE:0cxx_explicit_conversions
    Feature record: CXX_FEATURE:0cxx_extended_friend_declarations
    Feature record: CXX_FEATURE:0cxx_extern_templates
    Feature record: CXX_FEATURE:0cxx_final
    Feature record: CXX_FEATURE:0cxx_func_identifier
    Feature record: CXX_FEATURE:0cxx_generalized_initializers
    Feature record: CXX_FEATURE:0cxx_generic_lambdas
    Feature record: CXX_FEATURE:0cxx_inheriting_constructors
    Feature record: CXX_FEATURE:0cxx_inline_namespaces
    Feature record: CXX_FEATURE:0cxx_lambdas
    Feature record: CXX_FEATURE:0cxx_lambda_init_captures
    Feature record: CXX_FEATURE:0cxx_local_type_template_args
    Feature record: CXX_FEATURE:0cxx_long_long_type
    Feature record: CXX_FEATURE:0cxx_noexcept
    Feature record: CXX_FEATURE:0cxx_nonstatic_member_init
    Feature record: CXX_FEATURE:0cxx_nullptr
    Feature record: CXX_FEATURE:0cxx_override
    Feature record: CXX_FEATURE:0cxx_range_for
    Feature record: CXX_FEATURE:0cxx_raw_string_literals
    Feature record: CXX_FEATURE:0cxx_reference_qualified_functions
    Feature record: CXX_FEATURE:0cxx_return_type_deduction
    Feature record: CXX_FEATURE:0cxx_right_angle_brackets
    Feature record: CXX_FEATURE:0cxx_rvalue_references
    Feature record: CXX_FEATURE:0cxx_sizeof_member
    Feature record: CXX_FEATURE:0cxx_static_assert
    Feature record: CXX_FEATURE:0cxx_strong_enums
    Feature record: CXX_FEATURE:1cxx_template_template_parameters
    Feature record: CXX_FEATURE:0cxx_thread_local
    Feature record: CXX_FEATURE:0cxx_trailing_return_types
    Feature record: CXX_FEATURE:0cxx_unicode_literals
    Feature record: CXX_FEATURE:0cxx_uniform_initialization
    Feature record: CXX_FEATURE:0cxx_unrestricted_unions
    Feature record: CXX_FEATURE:0cxx_user_literals
    Feature record: CXX_FEATURE:0cxx_variadic_macros
    Feature record: CXX_FEATURE:0cxx_variadic_templates
The system is: Linux - 4.1.3-2-MANJARO - x86_64
Compiling the C compiler identification source file "CMakeCCompilerId.c" succeeded.
Compiler: /usr/bin/cc 
Build flags: 
Id flags: 

The output was:
0


Compilation of the C compiler identification source "CMakeCCompilerId.c" produced "a.out"

The C compiler identification is GNU, found in "/home/leonardojc/Projetos/Trabalhos_C-C++/RobRehabSystem/build/CMakeFiles/3.2.3/CompilerIdC/a.out"

Compiling the CXX compiler identification source file "CMakeCXXCompilerId.cpp" succeeded.
Compiler: /usr/bin/c++ 
Build flags: 
Id flags: 

The output was:
0


Compilation of the CXX compiler identification source "CMakeCXXCompilerId.cpp" produced "a.out"

The CXX compiler identification is GNU, found in "/home/leonardojc/Projetos/Trabalhos_C-C++/RobRehabSystem/build/CMakeFiles/3.2.3/CompilerIdCXX/a.out"

Determining if the C compiler works passed with the following output:
Change Dir: /home/leonardojc/Projetos/Trabalhos_C-C++/RobRehabSystem/build/CMakeFiles/CMakeTmp

Run Build Command:"/usr/bin/make" "cmTryCompileExec1132015299/fast"
/usr/bin/make -f CMakeFiles/cmTryCompileExec1132015299.dir/build.make CMakeFiles/cmTryCompileExec1132015299.dir/build
make[1]: Entering directory '/home/leonardojc/Projetos/Trabalhos_C-C++/RobRehabSystem/build/CMakeFiles/CMakeTmp'
/usr/bin/cmake -E cmake_progress_report /home/leonardojc/Projetos/Trabalhos_C-C++/RobRehabSystem/build/CMakeFiles/CMakeTmp/CMakeFiles 1
Building C object CMakeFiles/cmTryCompileExec1132015299.dir/testCCompiler.c.o
/usr/bin/cc    -o CMakeFiles/cmTryCompileExec1132015299.dir/testCCompiler.c.o   -c /home/leonardojc/Projetos/Trabalhos_C-C++/RobRehabSystem/build/CMakeFiles/CMakeTmp/testCCompiler.c
Linking C executable cmTryCompileExec1132015299
/usr/bin/cmake -E cmake_link_script CMakeFiles/cmTryCompileExec1132015299.dir/link.txt --verbose=1
/usr/bin/cc       CMakeFiles/cmTryCompileExec1132015299.dir/testCCompiler.c.o  -o cmTryCompileExec1132015299 -rdynamic 
make[1]: Leaving directory '/home/leonardojc/Projetos/Trabalhos_C-C++/RobRehabSystem/build/CMakeFiles/CMakeTmp'


Detecting C compiler ABI info compiled with the following output:
Change Dir: /home/leonardojc/Projetos/Trabalhos_C-C++/RobRehabSystem/build/CMakeFiles/CMakeTmp

Run Build Command:"/usr/bin/make" "cmTryCompileExec3071334829/fast"
/usr/bin/make -f CMakeFiles/cmTryCompileExec3071334829.dir/build.make CMakeFiles/cmTryCompileExec3071334829.dir/build
make[1]: Entering directory '/home/leonardojc/Projetos/Trabalhos_C-C++/RobRehabSystem/build/CMakeFiles/CMakeTmp'
/usr/bin/cmake -E cmake_progress_report /home/leonardojc/Projetos/Trabalhos_C-C++/RobRehabSystem/build/CMakeFiles/CMakeTmp/CMakeFiles 1
Building C object CMakeFiles/cmTryCompileExec3071334829.dir/CMakeCCompilerABI.c.o
/usr/bin/cc    -o CMakeFiles/cmTryCompileExec3071334829.dir/CMakeCCompilerABI.c.o   -c /usr/share/cmake-3.2/Modules/CMakeCCompilerABI.c
Linking C executable cmTryCompileExec3071334829
/usr/bin/cmake -E cmake_link_script CMakeFiles/cmTryCompileExec3071334829.dir/link.txt --verbose=1
/usr/bin/cc      -v CMakeFiles/cmTryCompileExec3071334829.dir/CMakeCCompilerABI.c.o  -o cmTryCompileExec3071334829 -rdynamic  
Using built-in specs.
COLLECT_GCC=/usr/bin/cc
COLLECT_LTO_WRAPPER=/usr/lib/gcc/x86_64-unknown-linux-gnu/5.2.0/lto-wrapper
Target: x86_64-unknown-linux-gnu
Configured with: /build/gcc-multilib/src/gcc-5.2.0/configure --prefix=/usr --libdir=/usr/lib --libexecdir=/usr/lib --mandir=/usr/share/man --infodir=/usr/share/info --with-bugurl=https://bugs.archlinux.org/ --enable-languages=c,c++,ada,fortran,go,lto,objc,obj-c++ --enable-shared --enable-threads=posix --enable-libmpx --with-system-zlib --with-isl --enable-__cxa_atexit --disable-libunwind-exceptions --enable-clocale=gnu --disable-libstdcxx-pch --disable-libssp --enable-gnu-unique-object --enable-linker-build-id --enable-lto --enable-plugin --enable-install-libiberty --with-linker-hash-style=gnu --enable-gnu-indirect-function --enable-multilib --disable-werror --enable-checking=release --with-default-libstdcxx-abi=gcc4-compatible
Thread model: posix
gcc version 5.2.0 (GCC) 
COMPILER_PATH=/usr/lib/gcc/x86_64-unknown-linux-gnu/5.2.0/:/usr/lib/gcc/x86_64-unknown-linux-gnu/5.2.0/:/usr/lib/gcc/x86_64-unknown-linux-gnu/:/usr/lib/gcc/x86_64-unknown-linux-gnu/5.2.0/:/usr/lib/gcc/x86_64-unknown-linux-gnu/
LIBRARY_PATH=/usr/lib/gcc/x86_64-unknown-linux-gnu/5.2.0/:/usr/lib/gcc/x86_64-unknown-linux-gnu/5.2.0/../../../../lib/:/lib/../lib/:/usr/lib/../lib/:/usr/lib/gcc/x86_64-unknown-linux-gnu/5.2.0/../../../:/lib/:/usr/lib/
COLLECT_GCC_OPTIONS='-v' '-o' 'cmTryCompileExec3071334829' '-rdynamic' '-mtune=generic' '-march=x86-64'
 /usr/lib/gcc/x86_64-unknown-linux-gnu/5.2.0/collect2 -plugin /usr/lib/gcc/x86_64-unknown-linux-gnu/5.2.0/liblto_plugin.so -plugin-opt=/usr/lib/gcc/x86_64-unknown-linux-gnu/5.2.0/lto-wrapper -plugin-opt=-fresolution=/tmp/ccvZyttp.res -plugin-opt=-pass-through=-lgcc -plugin-opt=-pass-through=-lgcc_s -plugin-opt=-pass-through=-lc -plugin-opt=-pass-through=-lgcc -plugin-opt=-pass-through=-lgcc_s --build-id --eh-frame-hdr --hash-style=gnu -m elf_x86_64 -export-dynamic -dynamic-linker /lib64/ld-linux-x86-64.so.2 -o cmTryCompileExec3071334829 /usr/lib/gcc/x86_64-unknown-linux-gnu/5.2.0/../../../../lib/crt1.o /usr/lib/gcc/x86_64-unknown-linux-gnu/5.2.0/../../../../lib/crti.o /usr/lib/gcc/x86_64-unknown-linux-gnu/5.2.0/crtbegin.o -L/usr/lib/gcc/x86_64-unknown-linux-gnu/5.2.0 -L/usr/lib/gcc/x86_64-unknown-linux-gnu/5.2.0/../../../../lib -L/lib/../lib -L/usr/lib/../lib -L/usr/lib/gcc/x86_64-unknown-linux-gnu/5.2.0/../../.. CMakeFiles/cmTryCompileExec3071334829.dir/CMakeCCompilerABI.c.o -lgcc --as-needed -lgcc_s --no-as-needed -lc -lgcc --as-needed -lgcc_s --no-as-needed /usr/lib/gcc/x86_64-unknown-linux-gnu/5.2.0/crtend.o /usr/lib/gcc/x86_64-unknown-linux-gnu/5.2.0/../../../../lib/crtn.o
make[1]: Leaving directory '/home/leonardojc/Projetos/Trabalhos_C-C++/RobRehabSystem/build/CMakeFiles/CMakeTmp'


Parsed C implicit link information from above output:
  link line regex: [^( *|.*[/\])(ld|([^/\]+-)?ld|collect2)[^/\]*( |$)]
  ignore line: [Change Dir: /home/leonardojc/Projetos/Trabalhos_C-C++/RobRehabSystem/build/CMakeFiles/CMakeTmp]
  ignore line: []
  ignore line: [Run Build Command:"/usr/bin/make" "cmTryCompileExec3071334829/fast"]
  ignore line: [/usr/bin/make -f CMakeFiles/cmTryCompileExec3071334829.dir/build.make CMakeFiles/cmTryCompileExec3071334829.dir/build]
  ignore line: [make[1]: Entering directory '/home/leonardojc/Projetos/Trabalhos_C-C++/RobRehabSystem/build/CMakeFiles/CMakeTmp']
  ignore line: [/usr/bin/cmake -E cmake_progress_report /home/leonardojc/Projetos/Trabalhos_C-C++/RobRehabSystem/build/CMakeFiles/CMakeTmp/CMakeFiles 1]
  ignore line: [Building C object CMakeFiles/cmTryCompileExec3071334829.dir/CMakeCCompilerABI.c.o]
  ignore line: [/usr/bin/cc    -o CMakeFiles/cmTryCompileExec3071334829.dir/CMakeCCompilerABI.c.o   -c /usr/share/cmake-3.2/Modules/CMakeCCompilerABI.c]
  ignore line: [Linking C executable cmTryCompileExec3071334829]
  ignore line: [/usr/bin/cmake -E cmake_link_script CMakeFiles/cmTryCompileExec3071334829.dir/link.txt --verbose=1]
  ignore line: [/usr/bin/cc      -v CMakeFiles/cmTryCompileExec3071334829.dir/CMakeCCompilerABI.c.o  -o cmTryCompileExec3071334829 -rdynamic  ]
  ignore line: [Using built-in specs.]
  ignore line: [COLLECT_GCC=/usr/bin/cc]
  ignore line: [COLLECT_LTO_WRAPPER=/usr/lib/gcc/x86_64-unknown-linux-gnu/5.2.0/lto-wrapper]
  ignore line: [Target: x86_64-unknown-linux-gnu]
  ignore line: [Configured with: /build/gcc-multilib/src/gcc-5.2.0/configure --prefix=/usr --libdir=/usr/lib --libexecdir=/usr/lib --mandir=/usr/share/man --infodir=/usr/share/info --with-bugurl=https://bugs.archlinux.org/ --enable-languages=c,c++,ada,fortran,go,lto,objc,obj-c++ --enable-shared --enable-threads=posix --enable-libmpx --with-system-zlib --with-isl --enable-__cxa_atexit --disable-libunwind-exceptions --enable-clocale=gnu --disable-libstdcxx-pch --disable-libssp --enable-gnu-unique-object --enable-linker-build-id --enable-lto --enable-plugin --enable-install-libiberty --with-linker-hash-style=gnu --enable-gnu-indirect-function --enable-multilib --disable-werror --enable-checking=release --with-default-libstdcxx-abi=gcc4-compatible]
  ignore line: [Thread model: posix]
  ignore line: [gcc version 5.2.0 (GCC) ]
  ignore line: [COMPILER_PATH=/usr/lib/gcc/x86_64-unknown-linux-gnu/5.2.0/:/usr/lib/gcc/x86_64-unknown-linux-gnu/5.2.0/:/usr/lib/gcc/x86_64-unknown-linux-gnu/:/usr/lib/gcc/x86_64-unknown-linux-gnu/5.2.0/:/usr/lib/gcc/x86_64-unknown-linux-gnu/]
  ignore line: [LIBRARY_PATH=/usr/lib/gcc/x86_64-unknown-linux-gnu/5.2.0/:/usr/lib/gcc/x86_64-unknown-linux-gnu/5.2.0/../../../../lib/:/lib/../lib/:/usr/lib/../lib/:/usr/lib/gcc/x86_64-unknown-linux-gnu/5.2.0/../../../:/lib/:/usr/lib/]
  ignore line: [COLLECT_GCC_OPTIONS='-v' '-o' 'cmTryCompileExec3071334829' '-rdynamic' '-mtune=generic' '-march=x86-64']
  link line: [ /usr/lib/gcc/x86_64-unknown-linux-gnu/5.2.0/collect2 -plugin /usr/lib/gcc/x86_64-unknown-linux-gnu/5.2.0/liblto_plugin.so -plugin-opt=/usr/lib/gcc/x86_64-unknown-linux-gnu/5.2.0/lto-wrapper -plugin-opt=-fresolution=/tmp/ccvZyttp.res -plugin-opt=-pass-through=-lgcc -plugin-opt=-pass-through=-lgcc_s -plugin-opt=-pass-through=-lc -plugin-opt=-pass-through=-lgcc -plugin-opt=-pass-through=-lgcc_s --build-id --eh-frame-hdr --hash-style=gnu -m elf_x86_64 -export-dynamic -dynamic-linker /lib64/ld-linux-x86-64.so.2 -o cmTryCompileExec3071334829 /usr/lib/gcc/x86_64-unknown-linux-gnu/5.2.0/../../../../lib/crt1.o /usr/lib/gcc/x86_64-unknown-linux-gnu/5.2.0/../../../../lib/crti.o /usr/lib/gcc/x86_64-unknown-linux-gnu/5.2.0/crtbegin.o -L/usr/lib/gcc/x86_64-unknown-linux-gnu/5.2.0 -L/usr/lib/gcc/x86_64-unknown-linux-gnu/5.2.0/../../../../lib -L/lib/../lib -L/usr/lib/../lib -L/usr/lib/gcc/x86_64-unknown-linux-gnu/5.2.0/../../.. CMakeFiles/cmTryCompileExec3071334829.dir/CMakeCCompilerABI.c.o -lgcc --as-needed -lgcc_s --no-as-needed -lc -lgcc --as-needed -lgcc_s --no-as-needed /usr/lib/gcc/x86_64-unknown-linux-gnu/5.2.0/crtend.o /usr/lib/gcc/x86_64-unknown-linux-gnu/5.2.0/../../../../lib/crtn.o]
    arg [/usr/lib/gcc/x86_64-unknown-linux-gnu/5.2.0/collect2] ==> ignore
    arg [-plugin] ==> ignore
    arg [/usr/lib/gcc/x86_64-unknown-linux-gnu/5.2.0/liblto_plugin.so] ==> ignore
    arg [-plugin-opt=/usr/lib/gcc/x86_64-unknown-linux-gnu/5.2.0/lto-wrapper] ==> ignore
    arg [-plugin-opt=-fresolution=/tmp/ccvZyttp.res] ==> ignore
    arg [-plugin-opt=-pass-through=-lgcc] ==> ignore
    arg [-plugin-opt=-pass-through=-lgcc_s] ==> ignore
    arg [-plugin-opt=-pass-through=-lc] ==> ignore
    arg [-plugin-opt=-pass-through=-lgcc] ==> ignore
    arg [-plugin-opt=-pass-through=-lgcc_s] ==> ignore
    arg [--build-id] ==> ignore
    arg [--eh-frame-hdr] ==> ignore
    arg [--hash-style=gnu] ==> ignore
    arg [-m] ==> ignore
    arg [elf_x86_64] ==> ignore
    arg [-export-dynamic] ==> ignore
    arg [-dynamic-linker] ==> ignore
    arg [/lib64/ld-linux-x86-64.so.2] ==> ignore
    arg [-o] ==> ignore
    arg [cmTryCompileExec3071334829] ==> ignore
    arg [/usr/lib/gcc/x86_64-unknown-linux-gnu/5.2.0/../../../../lib/crt1.o] ==> ignore
    arg [/usr/lib/gcc/x86_64-unknown-linux-gnu/5.2.0/../../../../lib/crti.o] ==> ignore
    arg [/usr/lib/gcc/x86_64-unknown-linux-gnu/5.2.0/crtbegin.o] ==> ignore
    arg [-L/usr/lib/gcc/x86_64-unknown-linux-gnu/5.2.0] ==> dir [/usr/lib/gcc/x86_64-unknown-linux-gnu/5.2.0]
    arg [-L/usr/lib/gcc/x86_64-unknown-linux-gnu/5.2.0/../../../../lib] ==> dir [/usr/lib/gcc/x86_64-unknown-linux-gnu/5.2.0/../../../../lib]
    arg [-L/lib/../lib] ==> dir [/lib/../lib]
    arg [-L/usr/lib/../lib] ==> dir [/usr/lib/../lib]
    arg [-L/usr/lib/gcc/x86_64-unknown-linux-gnu/5.2.0/../../..] ==> dir [/usr/lib/gcc/x86_64-unknown-linux-gnu/5.2.0/../../..]
    arg [CMakeFiles/cmTryCompileExec3071334829.dir/CMakeCCompilerABI.c.o] ==> ignore
    arg [-lgcc] ==> lib [gcc]
    arg [--as-needed] ==> ignore
    arg [-lgcc_s] ==> lib [gcc_s]
    arg [--no-as-needed] ==> ignore
    arg [-lc] ==> lib [c]
    arg [-lgcc] ==> lib [gcc]
    arg [--as-needed] ==> ignore
    arg [-lgcc_s] ==> lib [gcc_s]
    arg [--no-as-needed] ==> ignore
    arg [/usr/lib/gcc/x86_64-unknown-linux-gnu/5.2.0/crtend.o] ==> ignore
    arg [/usr/lib/gcc/x86_64-unknown-linux-gnu/5.2.0/../../../../lib/crtn.o] ==> ignore
  remove lib [gcc]
  remove lib [gcc_s]
  remove lib [gcc]
  remove lib [gcc_s]
  collapse library dir [/usr/lib/gcc/x86_64-unknown-linux-gnu/5.2.0] ==> [/usr/lib/gcc/x86_64-unknown-linux-gnu/5.2.0]
  collapse library dir [/usr/lib/gcc/x86_64-unknown-linux-gnu/5.2.0/../../../../lib] ==> [/usr/lib]
  collapse library dir [/lib/../lib] ==> [/lib]
  collapse library dir [/usr/lib/../lib] ==> [/usr/lib]
  collapse library dir [/usr/lib/gcc/x86_64-unknown-linux-gnu/5.2.0/../../..] ==> [/usr/lib]
  implicit libs: [c]
  implicit dirs: [/usr/lib/gcc/x86_64-unknown-linux-gnu/5.2.0;/usr/lib;/lib]
  implicit fwks: []




Detecting C [-std=c11] compiler features compiled with the following output:
Change Dir: /home/leonardojc/Projetos/Trabalhos_C-C++/RobRehabSystem/build/CMakeFiles/CMakeTmp

Run Build Command:"/usr/bin/make" "cmTryCompileExec1198495950/fast"
/usr/bin/make -f CMakeFiles/cmTryCompileExec1198495950.dir/build.make CMakeFiles/cmTryCompileExec1198495950.dir/build
make[1]: Entering directory '/home/leonardojc/Projetos/Trabalhos_C-C++/RobRehabSystem/build/CMakeFiles/CMakeTmp'
/usr/bin/cmake -E cmake_progress_report /home/leonardojc/Projetos/Trabalhos_C-C++/RobRehabSystem/build/CMakeFiles/CMakeTmp/CMakeFiles 1
Building C object CMakeFiles/cmTryCompileExec1198495950.dir/feature_tests.c.o
/usr/bin/cc   -std=c11 -o CMakeFiles/cmTryCompileExec1198495950.dir/feature_tests.c.o   -c /home/leonardojc/Projetos/Trabalhos_C-C++/RobRehabSystem/build/CMakeFiles/feature_tests.c
Linking C executable cmTryCompileExec1198495950
/usr/bin/cmake -E cmake_link_script CMakeFiles/cmTryCompileExec1198495950.dir/link.txt --verbose=1
/usr/bin/cc       CMakeFiles/cmTryCompileExec1198495950.dir/feature_tests.c.o  -o cmTryCompileExec1198495950 -rdynamic 
make[1]: Leaving directory '/home/leonardojc/Projetos/Trabalhos_C-C++/RobRehabSystem/build/CMakeFiles/CMakeTmp'


    Feature record: C_FEATURE:1c_function_prototypes
    Feature record: C_FEATURE:1c_restrict
    Feature record: C_FEATURE:1c_static_assert
    Feature record: C_FEATURE:1c_variadic_macros


Detecting C [-std=c99] compiler features compiled with the following output:
Change Dir: /home/leonardojc/Projetos/Trabalhos_C-C++/RobRehabSystem/build/CMakeFiles/CMakeTmp

Run Build Command:"/usr/bin/make" "cmTryCompileExec2199166936/fast"
/usr/bin/make -f CMakeFiles/cmTryCompileExec2199166936.dir/build.make CMakeFiles/cmTryCompileExec2199166936.dir/build
make[1]: Entering directory '/home/leonardojc/Projetos/Trabalhos_C-C++/RobRehabSystem/build/CMakeFiles/CMakeTmp'
/usr/bin/cmake -E cmake_progress_report /home/leonardojc/Projetos/Trabalhos_C-C++/RobRehabSystem/build/CMakeFiles/CMakeTmp/CMakeFiles 1
Building C object CMakeFiles/cmTryCompileExec2199166936.dir/feature_tests.c.o
/usr/bin/cc   -std=c99 -o CMakeFiles/cmTryCompileExec2199166936.dir/feature_tests.c.o   -c /home/leonardojc/Projetos/Trabalhos_C-C++/RobRehabSystem/build/CMakeFiles/feature_tests.c
Linking C executable cmTryCompileExec2199166936
/usr/bin/cmake -E cmake_link_script CMakeFiles/cmTryCompileExec2199166936.dir/link.txt --verbose=1
/usr/bin/cc       CMakeFiles/cmTryCompileExec2199166936.dir/feature_tests.c.o  -o cmTryCompileExec2199166936 -rdynamic 
make[1]: Leaving directory '/home/leonardojc/Projetos/Trabalhos_C-C++/RobRehabSystem/build/CMakeFiles/CMakeTmp'


    Feature record: C_FEATURE:1c_function_prototypes
    Feature record: C_FEATURE:1c_restrict
    Feature record: C_FEATURE:0c_static_assert
    Feature record: C_FEATURE:1c_variadic_macros


Detecting C [-std=c90] compiler features compiled with the following output:
Change Dir: /home/leonardojc/Projetos/Trabalhos_C-C++/RobRehabSystem/build/CMakeFiles/CMakeTmp

Run Build Command:"/usr/bin/make" "cmTryCompileExec2936487178/fast"
/usr/bin/make -f CMakeFiles/cmTryCompileExec2936487178.dir/build.make CMakeFiles/cmTryCompileExec2936487178.dir/build
make[1]: Entering directory '/home/leonardojc/Projetos/Trabalhos_C-C++/RobRehabSystem/build/CMakeFiles/CMakeTmp'
/usr/bin/cmake -E cmake_progress_report /home/leonardojc/Projetos/Trabalhos_C-C++/RobRehabSystem/build/CMakeFiles/CMakeTmp/CMakeFiles 1
Building C object CMakeFiles/cmTryCompileExec2936487178.dir/feature_tests.c.o
/usr/bin/cc   -std=c90 -o CMakeFiles/cmTryCompileExec2936487178.dir/feature_tests.c.o   -c /home/leonardojc/Projetos/Trabalhos_C-C++/RobRehabSystem/build/CMakeFiles/feature_tests.c
Linking C executable cmTryCompileExec2936487178
/usr/bin/cmake -E cmake_link_script CMakeFiles/cmTryCompileExec2936487178.dir/link.txt --verbose=1
/usr/bin/cc       CMakeFiles/cmTryCompileExec2936487178.dir/feature_tests.c.o  -o cmTryCompileExec2936487178 -rdynamic 
make[1]: Leaving directory '/home/leonardojc/Projetos/Trabalhos_C-C++/RobRehabSystem/build/CMakeFiles/CMakeTmp'


    Feature record: C_FEATURE:1c_function_prototypes
    Feature record: C_FEATURE:0c_restrict
    Feature record: C_FEATURE:0c_static_assert
    Feature record: C_FEATURE:0c_variadic_macros
Determining if the CXX compiler works passed with the following output:
Change Dir: /home/leonardojc/Projetos/Trabalhos_C-C++/RobRehabSystem/build/CMakeFiles/CMakeTmp

Run Build Command:"/usr/bin/make" "cmTryCompileExec3243650725/fast"
/usr/bin/make -f CMakeFiles/cmTryCompileExec3243650725.dir/build.make CMakeFiles/cmTryCompileExec3243650725.dir/build
make[1]: Entering directory '/home/leonardojc/Projetos/Trabalhos_C-C++/RobRehabSystem/build/CMakeFiles/CMakeTmp'
/usr/bin/cmake -E cmake_progress_report /home/leonardojc/Projetos/Trabalhos_C-C++/RobRehabSystem/build/CMakeFiles/CMakeTmp/CMakeFiles 1
Building CXX object CMakeFiles/cmTryCompileExec3243650725.dir/testCXXCompiler.cxx.o
/usr/bin/c++     -o CMakeFiles/cmTryCompileExec3243650725.dir/testCXXCompiler.cxx.o -c /home/leonardojc/Projetos/Trabalhos_C-C++/RobRehabSystem/build/CMakeFiles/CMakeTmp/testCXXCompiler.cxx
Linking CXX executable cmTryCompileExec3243650725
/usr/bin/cmake -E cmake_link_script CMakeFiles/cmTryCompileExec3243650725.dir/link.txt --verbose=1
/usr/bin/c++        CMakeFiles/cmTryCompileExec3243650725.dir/testCXXCompiler.cxx.o  -o cmTryCompileExec3243650725 -rdynamic 
make[1]: Leaving directory '/home/leonardojc/Projetos/Trabalhos_C-C++/RobRehabSystem/build/CMakeFiles/CMakeTmp'


Detecting CXX compiler ABI info compiled with the following output:
Change Dir: /home/leonardojc/Projetos/Trabalhos_C-C++/RobRehabSystem/build/CMakeFiles/CMakeTmp

Run Build Command:"/usr/bin/make" "cmTryCompileExec3745221355/fast"
/usr/bin/make -f CMakeFiles/cmTryCompileExec3745221355.dir/build.make CMakeFiles/cmTryCompileExec3745221355.dir/build
make[1]: Entering directory '/home/leonardojc/Projetos/Trabalhos_C-C++/RobRehabSystem/build/CMakeFiles/CMakeTmp'
/usr/bin/cmake -E cmake_progress_report /home/leonardojc/Projetos/Trabalhos_C-C++/RobRehabSystem/build/CMakeFiles/CMakeTmp/CMakeFiles 1
Building CXX object CMakeFiles/cmTryCompileExec3745221355.dir/CMakeCXXCompilerABI.cpp.o
/usr/bin/c++     -o CMakeFiles/cmTryCompileExec3745221355.dir/CMakeCXXCompilerABI.cpp.o -c /usr/share/cmake-3.2/Modules/CMakeCXXCompilerABI.cpp
Linking CXX executable cmTryCompileExec3745221355
/usr/bin/cmake -E cmake_link_script CMakeFiles/cmTryCompileExec3745221355.dir/link.txt --verbose=1
/usr/bin/c++       -v CMakeFiles/cmTryCompileExec3745221355.dir/CMakeCXXCompilerABI.cpp.o  -o cmTryCompileExec3745221355 -rdynamic  
Using built-in specs.
COLLECT_GCC=/usr/bin/c++
COLLECT_LTO_WRAPPER=/usr/lib/gcc/x86_64-unknown-linux-gnu/5.2.0/lto-wrapper
Target: x86_64-unknown-linux-gnu
Configured with: /build/gcc-multilib/src/gcc-5.2.0/configure --prefix=/usr --libdir=/usr/lib --libexecdir=/usr/lib --mandir=/usr/share/man --infodir=/usr/share/info --with-bugurl=https://bugs.archlinux.org/ --enable-languages=c,c++,ada,fortran,go,lto,objc,obj-c++ --enable-shared --enable-threads=posix --enable-libmpx --with-system-zlib --with-isl --enable-__cxa_atexit --disable-libunwind-exceptions --enable-clocale=gnu --disable-libstdcxx-pch --disable-libssp --enable-gnu-unique-object --enable-linker-build-id --enable-lto --enable-plugin --enable-install-libiberty --with-linker-hash-style=gnu --enable-gnu-indirect-function --enable-multilib --disable-werror --enable-checking=release --with-default-libstdcxx-abi=gcc4-compatible
Thread model: posix
gcc version 5.2.0 (GCC) 
COMPILER_PATH=/usr/lib/gcc/x86_64-unknown-linux-gnu/5.2.0/:/usr/lib/gcc/x86_64-unknown-linux-gnu/5.2.0/:/usr/lib/gcc/x86_64-unknown-linux-gnu/:/usr/lib/gcc/x86_64-unknown-linux-gnu/5.2.0/:/usr/lib/gcc/x86_64-unknown-linux-gnu/
LIBRARY_PATH=/usr/lib/gcc/x86_64-unknown-linux-gnu/5.2.0/:/usr/lib/gcc/x86_64-unknown-linux-gnu/5.2.0/../../../../lib/:/lib/../lib/:/usr/lib/../lib/:/usr/lib/gcc/x86_64-unknown-linux-gnu/5.2.0/../../../:/lib/:/usr/lib/
COLLECT_GCC_OPTIONS='-v' '-o' 'cmTryCompileExec3745221355' '-rdynamic' '-shared-libgcc' '-mtune=generic' '-march=x86-64'
 /usr/lib/gcc/x86_64-unknown-linux-gnu/5.2.0/collect2 -plugin /usr/lib/gcc/x86_64-unknown-linux-gnu/5.2.0/liblto_plugin.so -plugin-opt=/usr/lib/gcc/x86_64-unknown-linux-gnu/5.2.0/lto-wrapper -plugin-opt=-fresolution=/tmp/ccnln48d.res -plugin-opt=-pass-through=-lgcc_s -plugin-opt=-pass-through=-lgcc -plugin-opt=-pass-through=-lc -plugin-opt=-pass-through=-lgcc_s -plugin-opt=-pass-through=-lgcc --build-id --eh-frame-hdr --hash-style=gnu -m elf_x86_64 -export-dynamic -dynamic-linker /lib64/ld-linux-x86-64.so.2 -o cmTryCompileExec3745221355 /usr/lib/gcc/x86_64-unknown-linux-gnu/5.2.0/../../../../lib/crt1.o /usr/lib/gcc/x86_64-unknown-linux-gnu/5.2.0/../../../../lib/crti.o /usr/lib/gcc/x86_64-unknown-linux-gnu/5.2.0/crtbegin.o -L/usr/lib/gcc/x86_64-unknown-linux-gnu/5.2.0 -L/usr/lib/gcc/x86_64-unknown-linux-gnu/5.2.0/../../../../lib -L/lib/../lib -L/usr/lib/../lib -L/usr/lib/gcc/x86_64-unknown-linux-gnu/5.2.0/../../.. CMakeFiles/cmTryCompileExec3745221355.dir/CMakeCXXCompilerABI.cpp.o -lstdc++ -lm -lgcc_s -lgcc -lc -lgcc_s -lgcc /usr/lib/gcc/x86_64-unknown-linux-gnu/5.2.0/crtend.o /usr/lib/gcc/x86_64-unknown-linux-gnu/5.2.0/../../../../lib/crtn.o
make[1]: Leaving directory '/home/leonardojc/Projetos/Trabalhos_C-C++/RobRehabSystem/build/CMakeFiles/CMakeTmp'


Parsed CXX implicit link information from above output:
  link line regex: [^( *|.*[/\])(ld|([^/\]+-)?ld|collect2)[^/\]*( |$)]
  ignore line: [Change Dir: /home/leonardojc/Projetos/Trabalhos_C-C++/RobRehabSystem/build/CMakeFiles/CMakeTmp]
  ignore line: []
  ignore line: [Run Build Command:"/usr/bin/make" "cmTryCompileExec3745221355/fast"]
  ignore line: [/usr/bin/make -f CMakeFiles/cmTryCompileExec3745221355.dir/build.make CMakeFiles/cmTryCompileExec3745221355.dir/build]
  ignore line: [make[1]: Entering directory '/home/leonardojc/Projetos/Trabalhos_C-C++/RobRehabSystem/build/CMakeFiles/CMakeTmp']
  ignore line: [/usr/bin/cmake -E cmake_progress_report /home/leonardojc/Projetos/Trabalhos_C-C++/RobRehabSystem/build/CMakeFiles/CMakeTmp/CMakeFiles 1]
  ignore line: [Building CXX object CMakeFiles/cmTryCompileExec3745221355.dir/CMakeCXXCompilerABI.cpp.o]
  ignore line: [/usr/bin/c++     -o CMakeFiles/cmTryCompileExec3745221355.dir/CMakeCXXCompilerABI.cpp.o -c /usr/share/cmake-3.2/Modules/CMakeCXXCompilerABI.cpp]
  ignore line: [Linking CXX executable cmTryCompileExec3745221355]
  ignore line: [/usr/bin/cmake -E cmake_link_script CMakeFiles/cmTryCompileExec3745221355.dir/link.txt --verbose=1]
  ignore line: [/usr/bin/c++       -v CMakeFiles/cmTryCompileExec3745221355.dir/CMakeCXXCompilerABI.cpp.o  -o cmTryCompileExec3745221355 -rdynamic  ]
  ignore line: [Using built-in specs.]
  ignore line: [COLLECT_GCC=/usr/bin/c++]
  ignore line: [COLLECT_LTO_WRAPPER=/usr/lib/gcc/x86_64-unknown-linux-gnu/5.2.0/lto-wrapper]
  ignore line: [Target: x86_64-unknown-linux-gnu]
  ignore line: [Configured with: /build/gcc-multilib/src/gcc-5.2.0/configure --prefix=/usr --libdir=/usr/lib --libexecdir=/usr/lib --mandir=/usr/share/man --infodir=/usr/share/info --with-bugurl=https://bugs.archlinux.org/ --enable-languages=c,c++,ada,fortran,go,lto,objc,obj-c++ --enable-shared --enable-threads=posix --enable-libmpx --with-system-zlib --with-isl --enable-__cxa_atexit --disable-libunwind-exceptions --enable-clocale=gnu --disable-libstdcxx-pch --disable-libssp --enable-gnu-unique-object --enable-linker-build-id --enable-lto --enable-plugin --enable-install-libiberty --with-linker-hash-style=gnu --enable-gnu-indirect-function --enable-multilib --disable-werror --enable-checking=release --with-default-libstdcxx-abi=gcc4-compatible]
  ignore line: [Thread model: posix]
  ignore line: [gcc version 5.2.0 (GCC) ]
  ignore line: [COMPILER_PATH=/usr/lib/gcc/x86_64-unknown-linux-gnu/5.2.0/:/usr/lib/gcc/x86_64-unknown-linux-gnu/5.2.0/:/usr/lib/gcc/x86_64-unknown-linux-gnu/:/usr/lib/gcc/x86_64-unknown-linux-gnu/5.2.0/:/usr/lib/gcc/x86_64-unknown-linux-gnu/]
  ignore line: [LIBRARY_PATH=/usr/lib/gcc/x86_64-unknown-linux-gnu/5.2.0/:/usr/lib/gcc/x86_64-unknown-linux-gnu/5.2.0/../../../../lib/:/lib/../lib/:/usr/lib/../lib/:/usr/lib/gcc/x86_64-unknown-linux-gnu/5.2.0/../../../:/lib/:/usr/lib/]
  ignore line: [COLLECT_GCC_OPTIONS='-v' '-o' 'cmTryCompileExec3745221355' '-rdynamic' '-shared-libgcc' '-mtune=generic' '-march=x86-64']
  link line: [ /usr/lib/gcc/x86_64-unknown-linux-gnu/5.2.0/collect2 -plugin /usr/lib/gcc/x86_64-unknown-linux-gnu/5.2.0/liblto_plugin.so -plugin-opt=/usr/lib/gcc/x86_64-unknown-linux-gnu/5.2.0/lto-wrapper -plugin-opt=-fresolution=/tmp/ccnln48d.res -plugin-opt=-pass-through=-lgcc_s -plugin-opt=-pass-through=-lgcc -plugin-opt=-pass-through=-lc -plugin-opt=-pass-through=-lgcc_s -plugin-opt=-pass-through=-lgcc --build-id --eh-frame-hdr --hash-style=gnu -m elf_x86_64 -export-dynamic -dynamic-linker /lib64/ld-linux-x86-64.so.2 -o cmTryCompileExec3745221355 /usr/lib/gcc/x86_64-unknown-linux-gnu/5.2.0/../../../../lib/crt1.o /usr/lib/gcc/x86_64-unknown-linux-gnu/5.2.0/../../../../lib/crti.o /usr/lib/gcc/x86_64-unknown-linux-gnu/5.2.0/crtbegin.o -L/usr/lib/gcc/x86_64-unknown-linux-gnu/5.2.0 -L/usr/lib/gcc/x86_64-unknown-linux-gnu/5.2.0/../../../../lib -L/lib/../lib -L/usr/lib/../lib -L/usr/lib/gcc/x86_64-unknown-linux-gnu/5.2.0/../../.. CMakeFiles/cmTryCompileExec3745221355.dir/CMakeCXXCompilerABI.cpp.o -lstdc++ -lm -lgcc_s -lgcc -lc -lgcc_s -lgcc /usr/lib/gcc/x86_64-unknown-linux-gnu/5.2.0/crtend.o /usr/lib/gcc/x86_64-unknown-linux-gnu/5.2.0/../../../../lib/crtn.o]
    arg [/usr/lib/gcc/x86_64-unknown-linux-gnu/5.2.0/collect2] ==> ignore
    arg [-plugin] ==> ignore
    arg [/usr/lib/gcc/x86_64-unknown-linux-gnu/5.2.0/liblto_plugin.so] ==> ignore
    arg [-plugin-opt=/usr/lib/gcc/x86_64-unknown-linux-gnu/5.2.0/lto-wrapper] ==> ignore
    arg [-plugin-opt=-fresolution=/tmp/ccnln48d.res] ==> ignore
    arg [-plugin-opt=-pass-through=-lgcc_s] ==> ignore
    arg [-plugin-opt=-pass-through=-lgcc] ==> ignore
    arg [-plugin-opt=-pass-through=-lc] ==> ignore
    arg [-plugin-opt=-pass-through=-lgcc_s] ==> ignore
    arg [-plugin-opt=-pass-through=-lgcc] ==> ignore
    arg [--build-id] ==> ignore
    arg [--eh-frame-hdr] ==> ignore
    arg [--hash-style=gnu] ==> ignore
    arg [-m] ==> ignore
    arg [elf_x86_64] ==> ignore
    arg [-export-dynamic] ==> ignore
    arg [-dynamic-linker] ==> ignore
    arg [/lib64/ld-linux-x86-64.so.2] ==> ignore
    arg [-o] ==> ignore
    arg [cmTryCompileExec3745221355] ==> ignore
    arg [/usr/lib/gcc/x86_64-unknown-linux-gnu/5.2.0/../../../../lib/crt1.o] ==> ignore
    arg [/usr/lib/gcc/x86_64-unknown-linux-gnu/5.2.0/../../../../lib/crti.o] ==> ignore
    arg [/usr/lib/gcc/x86_64-unknown-linux-gnu/5.2.0/crtbegin.o] ==> ignore
    arg [-L/usr/lib/gcc/x86_64-unknown-linux-gnu/5.2.0] ==> dir [/usr/lib/gcc/x86_64-unknown-linux-gnu/5.2.0]
    arg [-L/usr/lib/gcc/x86_64-unknown-linux-gnu/5.2.0/../../../../lib] ==> dir [/usr/lib/gcc/x86_64-unknown-linux-gnu/5.2.0/../../../../lib]
    arg [-L/lib/../lib] ==> dir [/lib/../lib]
    arg [-L/usr/lib/../lib] ==> dir [/usr/lib/../lib]
    arg [-L/usr/lib/gcc/x86_64-unknown-linux-gnu/5.2.0/../../..] ==> dir [/usr/lib/gcc/x86_64-unknown-linux-gnu/5.2.0/../../..]
    arg [CMakeFiles/cmTryCompileExec3745221355.dir/CMakeCXXCompilerABI.cpp.o] ==> ignore
    arg [-lstdc++] ==> lib [stdc++]
    arg [-lm] ==> lib [m]
    arg [-lgcc_s] ==> lib [gcc_s]
    arg [-lgcc] ==> lib [gcc]
    arg [-lc] ==> lib [c]
    arg [-lgcc_s] ==> lib [gcc_s]
    arg [-lgcc] ==> lib [gcc]
    arg [/usr/lib/gcc/x86_64-unknown-linux-gnu/5.2.0/crtend.o] ==> ignore
    arg [/usr/lib/gcc/x86_64-unknown-linux-gnu/5.2.0/../../../../lib/crtn.o] ==> ignore
  remove lib [gcc_s]
  remove lib [gcc]
  remove lib [gcc_s]
  remove lib [gcc]
  collapse library dir [/usr/lib/gcc/x86_64-unknown-linux-gnu/5.2.0] ==> [/usr/lib/gcc/x86_64-unknown-linux-gnu/5.2.0]
  collapse library dir [/usr/lib/gcc/x86_64-unknown-linux-gnu/5.2.0/../../../../lib] ==> [/usr/lib]
  collapse library dir [/lib/../lib] ==> [/lib]
  collapse library dir [/usr/lib/../lib] ==> [/usr/lib]
  collapse library dir [/usr/lib/gcc/x86_64-unknown-linux-gnu/5.2.0/../../..] ==> [/usr/lib]
  implicit libs: [stdc++;m;c]
  implicit dirs: [/usr/lib/gcc/x86_64-unknown-linux-gnu/5.2.0;/usr/lib;/lib]
  implicit fwks: []




Detecting CXX [-std=c++14] compiler features compiled with the following output:
Change Dir: /home/leonardojc/Projetos/Trabalhos_C-C++/RobRehabSystem/build/CMakeFiles/CMakeTmp

Run Build Command:"/usr/bin/make" "cmTryCompileExec3240666389/fast"
/usr/bin/make -f CMakeFiles/cmTryCompileExec3240666389.dir/build.make CMakeFiles/cmTryCompileExec3240666389.dir/build
make[1]: Entering directory '/home/leonardojc/Projetos/Trabalhos_C-C++/RobRehabSystem/build/CMakeFiles/CMakeTmp'
/usr/bin/cmake -E cmake_progress_report /home/leonardojc/Projetos/Trabalhos_C-C++/RobRehabSystem/build/CMakeFiles/CMakeTmp/CMakeFiles 1
Building CXX object CMakeFiles/cmTryCompileExec3240666389.dir/feature_tests.cxx.o
/usr/bin/c++    -std=c++14 -o CMakeFiles/cmTryCompileExec3240666389.dir/feature_tests.cxx.o -c /home/leonardojc/Projetos/Trabalhos_C-C++/RobRehabSystem/build/CMakeFiles/feature_tests.cxx
Linking CXX executable cmTryCompileExec3240666389
/usr/bin/cmake -E cmake_link_script CMakeFiles/cmTryCompileExec3240666389.dir/link.txt --verbose=1
/usr/bin/c++        CMakeFiles/cmTryCompileExec3240666389.dir/feature_tests.cxx.o  -o cmTryCompileExec3240666389 -rdynamic 
make[1]: Leaving directory '/home/leonardojc/Projetos/Trabalhos_C-C++/RobRehabSystem/build/CMakeFiles/CMakeTmp'


    Feature record: CXX_FEATURE:1cxx_aggregate_default_initializers
    Feature record: CXX_FEATURE:1cxx_alias_templates
    Feature record: CXX_FEATURE:1cxx_alignas
    Feature record: CXX_FEATURE:1cxx_alignof
    Feature record: CXX_FEATURE:1cxx_attributes
    Feature record: CXX_FEATURE:1cxx_attribute_deprecated
    Feature record: CXX_FEATURE:1cxx_auto_type
    Feature record: CXX_FEATURE:1cxx_binary_literals
    Feature record: CXX_FEATURE:1cxx_constexpr
    Feature record: CXX_FEATURE:1cxx_contextual_conversions
    Feature record: CXX_FEATURE:1cxx_decltype
    Feature record: CXX_FEATURE:1cxx_decltype_auto
    Feature record: CXX_FEATURE:1cxx_decltype_incomplete_return_types
    Feature record: CXX_FEATURE:1cxx_default_function_template_args
    Feature record: CXX_FEATURE:1cxx_defaulted_functions
    Feature record: CXX_FEATURE:1cxx_defaulted_move_initializers
    Feature record: CXX_FEATURE:1cxx_delegating_constructors
    Feature record: CXX_FEATURE:1cxx_deleted_functions
    Feature record: CXX_FEATURE:1cxx_digit_separators
    Feature record: CXX_FEATURE:1cxx_enum_forward_declarations
    Feature record: CXX_FEATURE:1cxx_explicit_conversions
    Feature record: CXX_FEATURE:1cxx_extended_friend_declarations
    Feature record: CXX_FEATURE:1cxx_extern_templates
    Feature record: CXX_FEATURE:1cxx_final
    Feature record: CXX_FEATURE:1cxx_func_identifier
    Feature record: CXX_FEATURE:1cxx_generalized_initializers
    Feature record: CXX_FEATURE:1cxx_generic_lambdas
    Feature record: CXX_FEATURE:1cxx_inheriting_constructors
    Feature record: CXX_FEATURE:1cxx_inline_namespaces
    Feature record: CXX_FEATURE:1cxx_lambdas
    Feature record: CXX_FEATURE:1cxx_lambda_init_captures
    Feature record: CXX_FEATURE:1cxx_local_type_template_args
    Feature record: CXX_FEATURE:1cxx_long_long_type
    Feature record: CXX_FEATURE:1cxx_noexcept
    Feature record: CXX_FEATURE:1cxx_nonstatic_member_init
    Feature record: CXX_FEATURE:1cxx_nullptr
    Feature record: CXX_FEATURE:1cxx_override
    Feature record: CXX_FEATURE:1cxx_range_for
    Feature record: CXX_FEATURE:1cxx_raw_string_literals
    Feature record: CXX_FEATURE:1cxx_reference_qualified_functions
    Feature record: CXX_FEATURE:1cxx_relaxed_constexpr
    Feature record: CXX_FEATURE:1cxx_return_type_deduction
    Feature record: CXX_FEATURE:1cxx_right_angle_brackets
    Feature record: CXX_FEATURE:1cxx_rvalue_references
    Feature record: CXX_FEATURE:1cxx_sizeof_member
    Feature record: CXX_FEATURE:1cxx_static_assert
    Feature record: CXX_FEATURE:1cxx_strong_enums
    Feature record: CXX_FEATURE:1cxx_template_template_parameters
    Feature record: CXX_FEATURE:1cxx_thread_local
    Feature record: CXX_FEATURE:1cxx_trailing_return_types
    Feature record: CXX_FEATURE:1cxx_unicode_literals
    Feature record: CXX_FEATURE:1cxx_uniform_initialization
    Feature record: CXX_FEATURE:1cxx_unrestricted_unions
    Feature record: CXX_FEATURE:1cxx_user_literals
    Feature record: CXX_FEATURE:1cxx_variable_templates
    Feature record: CXX_FEATURE:1cxx_variadic_macros
    Feature record: CXX_FEATURE:1cxx_variadic_templates


Detecting CXX [-std=c++11] compiler features compiled with the following output:
Change Dir: /home/leonardojc/Projetos/Trabalhos_C-C++/RobRehabSystem/build/CMakeFiles/CMakeTmp

Run Build Command:"/usr/bin/make" "cmTryCompileExec3237631027/fast"
/usr/bin/make -f CMakeFiles/cmTryCompileExec3237631027.dir/build.make CMakeFiles/cmTryCompileExec3237631027.dir/build
make[1]: Entering directory '/home/leonardojc/Projetos/Trabalhos_C-C++/RobRehabSystem/build/CMakeFiles/CMakeTmp'
/usr/bin/cmake -E cmake_progress_report /home/leonardojc/Projetos/Trabalhos_C-C++/RobRehabSystem/build/CMakeFiles/CMakeTmp/CMakeFiles 1
Building CXX object CMakeFiles/cmTryCompileExec3237631027.dir/feature_tests.cxx.o
/usr/bin/c++    -std=c++11 -o CMakeFiles/cmTryCompileExec3237631027.dir/feature_tests.cxx.o -c /home/leonardojc/Projetos/Trabalhos_C-C++/RobRehabSystem/build/CMakeFiles/feature_tests.cxx
Linking CXX executable cmTryCompileExec3237631027
/usr/bin/cmake -E cmake_link_script CMakeFiles/cmTryCompileExec3237631027.dir/link.txt --verbose=1
/usr/bin/c++        CMakeFiles/cmTryCompileExec3237631027.dir/feature_tests.cxx.o  -o cmTryCompileExec3237631027 -rdynamic 
make[1]: Leaving directory '/home/leonardojc/Projetos/Trabalhos_C-C++/RobRehabSystem/build/CMakeFiles/CMakeTmp'


    Feature record: CXX_FEATURE:0cxx_aggregate_default_initializers
    Feature record: CXX_FEATURE:1cxx_alias_templates
    Feature record: CXX_FEATURE:1cxx_alignas
    Feature record: CXX_FEATURE:1cxx_alignof
    Feature record: CXX_FEATURE:1cxx_attributes
    Feature record: CXX_FEATURE:0cxx_attribute_deprecated
    Feature record: CXX_FEATURE:1cxx_auto_type
    Feature record: CXX_FEATURE:0cxx_binary_literals
    Feature record: CXX_FEATURE:1cxx_constexpr
    Feature record: CXX_FEATURE:0cxx_contextual_conversions
    Feature record: CXX_FEATURE:1cxx_decltype
    Feature record: CXX_FEATURE:0cxx_decltype_auto
    Feature record: CXX_FEATURE:1cxx_decltype_incomplete_return_types
    Feature record: CXX_FEATURE:1cxx_default_function_template_args
    Feature record: CXX_FEATURE:1cxx_defaulted_functions
    Feature record: CXX_FEATURE:1cxx_defaulted_move_initializers
    Feature record: CXX_FEATURE:1cxx_delegating_constructors
    Feature record: CXX_FEATURE:1cxx_deleted_functions
    Feature record: CXX_FEATURE:0cxx_digit_separators
    Feature record: CXX_FEATURE:1cxx_enum_forward_declarations
    Feature record: CXX_FEATURE:1cxx_explicit_conversions
    Feature record: CXX_FEATURE:1cxx_extended_friend_declarations
    Feature record: CXX_FEATURE:1cxx_extern_templates
    Feature record: CXX_FEATURE:1cxx_final
    Feature record: CXX_FEATURE:1cxx_func_identifier
    Feature record: CXX_FEATURE:1cxx_generalized_initializers
    Feature record: CXX_FEATURE:0cxx_generic_lambdas
    Feature record: CXX_FEATURE:1cxx_inheriting_constructors
    Feature record: CXX_FEATURE:1cxx_inline_namespaces
    Feature record: CXX_FEATURE:1cxx_lambdas
    Feature record: CXX_FEATURE:0cxx_lambda_init_captures
    Feature record: CXX_FEATURE:1cxx_local_type_template_args
    Feature record: CXX_FEATURE:1cxx_long_long_type
    Feature record: CXX_FEATURE:1cxx_noexcept
    Feature record: CXX_FEATURE:1cxx_nonstatic_member_init
    Feature record: CXX_FEATURE:1cxx_nullptr
    Feature record: CXX_FEATURE:1cxx_override
    Feature record: CXX_FEATURE:1cxx_range_for
    Feature record: CXX_FEATURE:1cxx_raw_string_literals
    Feature record: CXX_FEATURE:1cxx_reference_qualified_functions
    Feature record: CXX_FEATURE:0cxx_relaxed_constexpr
    Feature record: CXX_FEATURE:0cxx_return_type_deduction
    Feature record: CXX_FEATURE:1cxx_right_angle_brackets
    Feature record: CXX_FEATURE:1cxx_rvalue_references
    Feature record: CXX_FEATURE:1cxx_sizeof_member
    Feature record: CXX_FEATURE:1cxx_static_assert
    Feature record: CXX_FEATURE:1cxx_strong_enums
    Feature record: CXX_FEATURE:1cxx_template_template_parameters
    Feature record: CXX_FEATURE:1cxx_thread_local
    Feature record: CXX_FEATURE:1cxx_trailing_return_types
    Feature record: CXX_FEATURE:1cxx_unicode_literals
    Feature record: CXX_FEATURE:1cxx_uniform_initialization
    Feature record: CXX_FEATURE:1cxx_unrestricted_unions
    Feature record: CXX_FEATURE:1cxx_user_literals
    Feature record: CXX_FEATURE:0cxx_variable_templates
    Feature record: CXX_FEATURE:1cxx_variadic_macros
    Feature record: CXX_FEATURE:1cxx_variadic_templates


Detecting CXX [-std=c++98] compiler features compiled with the following output:
Change Dir: /home/leonardojc/Projetos/Trabalhos_C-C++/RobRehabSystem/build/CMakeFiles/CMakeTmp

Run Build Command:"/usr/bin/make" "cmTryCompileExec4268054646/fast"
/usr/bin/make -f CMakeFiles/cmTryCompileExec4268054646.dir/build.make CMakeFiles/cmTryCompileExec4268054646.dir/build
make[1]: Entering directory '/home/leonardojc/Projetos/Trabalhos_C-C++/RobRehabSystem/build/CMakeFiles/CMakeTmp'
/usr/bin/cmake -E cmake_progress_report /home/leonardojc/Projetos/Trabalhos_C-C++/RobRehabSystem/build/CMakeFiles/CMakeTmp/CMakeFiles 1
Building CXX object CMakeFiles/cmTryCompileExec4268054646.dir/feature_tests.cxx.o
/usr/bin/c++    -std=c++98 -o CMakeFiles/cmTryCompileExec4268054646.dir/feature_tests.cxx.o -c /home/leonardojc/Projetos/Trabalhos_C-C++/RobRehabSystem/build/CMakeFiles/feature_tests.cxx
Linking CXX executable cmTryCompileExec4268054646
/usr/bin/cmake -E cmake_link_script CMakeFiles/cmTryCompileExec4268054646.dir/link.txt --verbose=1
/usr/bin/c++        CMakeFiles/cmTryCompileExec4268054646.dir/feature_tests.cxx.o  -o cmTryCompileExec4268054646 -rdynamic 
make[1]: Leaving directory '/home/leonardojc/Projetos/Trabalhos_C-C++/RobRehabSystem/build/CMakeFiles/CMakeTmp'


    Feature record: CXX_FEATURE:0cxx_aggregate_default_initializers
    Feature record: CXX_FEATURE:0cxx_alias_templates
    Feature record: CXX_FEATURE:0cxx_alignas
    Feature record: CXX_FEATURE:0cxx_alignof
    Feature record: CXX_FEATURE:0cxx_attributes
    Feature record: CXX_FEATURE:0cxx_attribute_deprecated
    Feature record: CXX_FEATURE:0cxx_auto_type
    Feature record: CXX_FEATURE:0cxx_binary_literals
    Feature record: CXX_FEATURE:0cxx_constexpr
    Feature record: CXX_FEATURE:0cxx_contextual_conversions
    Feature record: CXX_FEATURE:0cxx_decltype
    Feature record: CXX_FEATURE:0cxx_decltype_auto
    Feature record: CXX_FEATURE:0cxx_decltype_incomplete_return_types
    Feature record: CXX_FEATURE:0cxx_default_function_template_args
    Feature record: CXX_FEATURE:0cxx_defaulted_functions
    Feature record: CXX_FEATURE:0cxx_defaulted_move_initializers
    Feature record: CXX_FEATURE:0cxx_delegating_constructors
    Feature record: CXX_FEATURE:0cxx_deleted_functions
    Feature record: CXX_FEATURE:0cxx_digit_separators
    Feature record: CXX_FEATURE:0cxx_enum_forward_declarations
    Feature record: CXX_FEATURE:0cxx_explicit_conversions
    Feature record: CXX_FEATURE:0cxx_extended_friend_declarations
    Feature record: CXX_FEATURE:0cxx_extern_templates
    Feature record: CXX_FEATURE:0cxx_final
    Feature record: CXX_FEATURE:0cxx_func_identifier
    Feature record: CXX_FEATURE:0cxx_generalized_initializers
    Feature record: CXX_FEATURE:0cxx_generic_lambdas
    Feature record: CXX_FEATURE:0cxx_inheriting_constructors
    Feature record: CXX_FEATURE:0cxx_inline_namespaces
    Feature record: CXX_FEATURE:0cxx_lambdas
    Feature record: CXX_FEATURE:0cxx_lambda_init_captures
    Feature record: CXX_FEATURE:0cxx_local_type_template_args
    Feature record: CXX_FEATURE:0cxx_long_long_type
    Feature record: CXX_FEATURE:0cxx_noexcept
    Feature record: CXX_FEATURE:0cxx_nonstatic_member_init
    Feature record: CXX_FEATURE:0cxx_nullptr
    Feature record: CXX_FEATURE:0cxx_override
    Feature record: CXX_FEATURE:0cxx_range_for
    Feature record: CXX_FEATURE:0cxx_raw_string_literals
    Feature record: CXX_FEATURE:0cxx_reference_qualified_functions
    Feature record: CXX_FEATURE:0cxx_relaxed_constexpr
    Feature record: CXX_FEATURE:0cxx_return_type_deduction
    Feature record: CXX_FEATURE:0cxx_right_angle_brackets
    Feature record: CXX_FEATURE:0cxx_rvalue_references
    Feature record: CXX_FEATURE:0cxx_sizeof_member
    Feature record: CXX_FEATURE:0cxx_static_assert
    Feature record: CXX_FEATURE:0cxx_strong_enums
    Feature record: CXX_FEATURE:1cxx_template_template_parameters
    Feature record: CXX_FEATURE:0cxx_thread_local
    Feature record: CXX_FEATURE:0cxx_trailing_return_types
    Feature record: CXX_FEATURE:0cxx_unicode_literals
    Feature record: CXX_FEATURE:0cxx_uniform_initialization
    Feature record: CXX_FEATURE:0cxx_unrestricted_unions
    Feature record: CXX_FEATURE:0cxx_user_literals
    Feature record: CXX_FEATURE:0cxx_variable_templates
    Feature record: CXX_FEATURE:0cxx_variadic_macros
    Feature record: CXX_FEATURE:0cxx_variadic_templates
