Build started 23/11/2014 12:03:12.
     1>Project "E:\Leonardo Jose\Dropbox\Leonardo\Trabalhos\TCC\Exokanguera_Leonardo\robot_test\scara\REHAB_ROBOT\REHAB_ROBOT.vcxproj" on node 2 (rebuild target(s)).
     1>_PrepareForClean:
         Deleting file "E:\Leonardo Jose\Dropbox\Leonardo\Trabalhos\TCC\Exokanguera_Leonardo\robot_test\scara\REHAB_ROBOT\\REHAB_ROBOT.lastbuildstate".
       InitializeBuildStatus:
         Creating "E:\Leonardo Jose\Dropbox\Leonardo\Trabalhos\TCC\Exokanguera_Leonardo\robot_test\scara\REHAB_ROBOT\\REHAB_ROBOT.unsuccessfulbuild" because "AlwaysCreate" was specified.
       ClCompile:
         C:\Program Files (x86)\Microsoft Visual Studio 10.0\VC\bin\CL.exe /c /I"E:\Leonardo Jose\Dropbox\Leonardo\Trabalhos\TCC\Exokanguera_Leonardo\robot_test\scara\REHAB_ROBOT\\include" /Zi /nologo /W3 /WX- /Ox /Oi /Oy- /GL /D NIXNET /D WIN32 /D NDEBUG /D _CONSOLE /D _UNICODE /D UNICODE /Gm- /EHsc /MD /GS /Gy /fp:precise /Zc:wchar_t /Zc:forScope /Fo"E:\Leonardo Jose\Dropbox\Leonardo\Trabalhos\TCC\Exokanguera_Leonardo\robot_test\scara\REHAB_ROBOT\\" /Fd"E:\Leonardo Jose\Dropbox\Leonardo\Trabalhos\TCC\Exokanguera_Leonardo\robot_test\scara\REHAB_ROBOT\\vc100.pdb" /Gd /TP /analyze- /errorReport:prompt main.cpp
         main.cpp
     1>e:\leonardo jose\dropbox\leonardo\trabalhos\tcc\exokanguera_leonardo\robot_test\scara\rehab_robot\script_network.h(120): warning C4101: 'connection_id' : unreferenced local variable
     1>C:\Program Files (x86)\Microsoft Visual Studio 10.0\VC\include\fstream(147): warning C4003: not enough actual parameters for macro 'close'
     1>C:\Program Files (x86)\Microsoft Visual Studio 10.0\VC\include\fstream(182): warning C4003: not enough actual parameters for macro 'close'
     1>C:\Program Files (x86)\Microsoft Visual Studio 10.0\VC\include\fstream(291): warning C4003: not enough actual parameters for macro 'close'
     1>C:\Program Files (x86)\Microsoft Visual Studio 10.0\VC\include\fstream(783): warning C4003: not enough actual parameters for macro 'close'
     1>C:\Program Files (x86)\Microsoft Visual Studio 10.0\VC\include\fstream(882): warning C4003: not enough actual parameters for macro 'close'
     1>C:\Program Files (x86)\Microsoft Visual Studio 10.0\VC\include\fstream(884): warning C4003: not enough actual parameters for macro 'close'
     1>C:\Program Files (x86)\Microsoft Visual Studio 10.0\VC\include\fstream(1009): warning C4003: not enough actual parameters for macro 'close'
     1>C:\Program Files (x86)\Microsoft Visual Studio 10.0\VC\include\fstream(1108): warning C4003: not enough actual parameters for macro 'close'
     1>C:\Program Files (x86)\Microsoft Visual Studio 10.0\VC\include\fstream(1110): warning C4003: not enough actual parameters for macro 'close'
     1>C:\Program Files (x86)\Microsoft Visual Studio 10.0\VC\include\fstream(1240): warning C4003: not enough actual parameters for macro 'close'
     1>C:\Program Files (x86)\Microsoft Visual Studio 10.0\VC\include\fstream(1339): warning C4003: not enough actual parameters for macro 'close'
     1>C:\Program Files (x86)\Microsoft Visual Studio 10.0\VC\include\fstream(1341): warning C4003: not enough actual parameters for macro 'close'
     1>e:\leonardo jose\dropbox\leonardo\trabalhos\tcc\exokanguera_leonardo\robot_test\scara\rehab_robot\Axis.h(192): warning C4003: not enough actual parameters for macro 'close'
     1>e:\leonardo jose\dropbox\leonardo\trabalhos\tcc\exokanguera_leonardo\robot_test\scara\rehab_robot\control.h(178): warning C4244: 'initializing' : conversion from 'double' to 'int', possible loss of data
     1>e:\leonardo jose\dropbox\leonardo\trabalhos\tcc\exokanguera_leonardo\robot_test\scara\rehab_robot\control.h(207): warning C4244: 'initializing' : conversion from 'double' to 'int', possible loss of data
     1>e:\leonardo jose\dropbox\leonardo\trabalhos\tcc\exokanguera_leonardo\robot_test\scara\rehab_robot\control.h(219): warning C4244: 'argument' : conversion from 'const double' to 'unsigned long', possible loss of data
     1>e:\leonardo jose\dropbox\leonardo\trabalhos\tcc\exokanguera_leonardo\robot_test\scara\rehab_robot\control.h(363): warning C4244: 'argument' : conversion from 'const double' to 'unsigned long', possible loss of data
     1>e:\leonardo jose\dropbox\leonardo\trabalhos\tcc\exokanguera_leonardo\robot_test\scara\rehab_robot\control.h(392): warning C4244: '=' : conversion from 'double' to 'int', possible loss of data
     1>e:\leonardo jose\dropbox\leonardo\trabalhos\tcc\exokanguera_leonardo\robot_test\scara\rehab_robot\control.h(399): warning C4244: 'argument' : conversion from 'const double' to 'unsigned long', possible loss of data
     1>main.cpp(65): warning C4800: 'int' : forcing value to bool 'true' or 'false' (performance warning)
     1>main.cpp(253): warning C4003: not enough actual parameters for macro 'close'
     1>main.cpp(259): warning C4003: not enough actual parameters for macro 'close'
       Link:
         C:\Program Files (x86)\Microsoft Visual Studio 10.0\VC\bin\link.exe /ERRORREPORT:PROMPT /OUT:"E:\Leonardo Jose\Dropbox\Leonardo\Trabalhos\TCC\Exokanguera_Leonardo\robot_test\scara\REHAB_ROBOT\\REHAB_ROBOT.exe" /INCREMENTAL:NO /NOLOGO /LIBPATH:"E:\Leonardo Jose\Dropbox\Leonardo\Trabalhos\TCC\Exokanguera_Leonardo\robot_test\scara\REHAB_ROBOT\\libs" /LIBPATH:"E:\Leonardo Jose\Dropbox\Leonardo\Trabalhos\TCC\Exokanguera_Leonardo\robot_test\scara\\tcl" /LIBPATH:"E:\Leonardo Jose\Dropbox\Leonardo\Trabalhos\TCC\Exokanguera_Leonardo\robot_test\scara\REHAB_ROBOT\\tcl" /LIBPATH:"C:\Program Files (x86)\National Instruments\Shared\ExternalCompilerSupport\C\\lib32\msvc" nixnet.lib kernel32.lib user32.lib gdi32.lib winspool.lib comdlg32.lib advapi32.lib shell32.lib ole32.lib oleaut32.lib uuid.lib odbc32.lib odbccp32.lib /MANIFEST /ManifestFile:"E:\Leonardo Jose\Dropbox\Leonardo\Trabalhos\TCC\Exokanguera_Leonardo\robot_test\scara\REHAB_ROBOT\\REHAB_ROBOT.exe.intermediate.manifest" /MANIFESTUAC:"level='asInvoker' uiAccess='false'" /DEBUG /PDB:"E:\Leonardo Jose\Dropbox\Leonardo\Trabalhos\TCC\Exokanguera_Leonardo\robot_test\scara\REHAB_ROBOT\REHAB_ROBOT.pdb" /SUBSYSTEM:CONSOLE /OPT:REF /OPT:ICF /LTCG /TLBID:1 /DYNAMICBASE /NXCOMPAT /IMPLIB:"E:\Leonardo Jose\Dropbox\Leonardo\Trabalhos\TCC\Exokanguera_Leonardo\robot_test\scara\REHAB_ROBOT\\REHAB_ROBOT.lib" /MACHINE:X86 "E:\Leonardo Jose\Dropbox\Leonardo\Trabalhos\TCC\Exokanguera_Leonardo\robot_test\scara\REHAB_ROBOT\\main.obj"
         Generating code
         Finished generating code
         REHAB_ROBOT.vcxproj -> E:\Leonardo Jose\Dropbox\Leonardo\Trabalhos\TCC\Exokanguera_Leonardo\robot_test\scara\REHAB_ROBOT\\REHAB_ROBOT.exe
       Manifest:
         C:\Program Files (x86)\Microsoft SDKs\Windows\v7.0A\bin\mt.exe /nologo /verbose /outputresource:"E:\Leonardo Jose\Dropbox\Leonardo\Trabalhos\TCC\Exokanguera_Leonardo\robot_test\scara\REHAB_ROBOT\\REHAB_ROBOT.exe;#1" /manifest "E:\Leonardo Jose\Dropbox\Leonardo\Trabalhos\TCC\Exokanguera_Leonardo\robot_test\scara\REHAB_ROBOT\\REHAB_ROBOT.exe.intermediate.manifest"
       FinalizeBuildStatus:
         Deleting file "E:\Leonardo Jose\Dropbox\Leonardo\Trabalhos\TCC\Exokanguera_Leonardo\robot_test\scara\REHAB_ROBOT\\REHAB_ROBOT.unsuccessfulbuild".
         Touching "E:\Leonardo Jose\Dropbox\Leonardo\Trabalhos\TCC\Exokanguera_Leonardo\robot_test\scara\REHAB_ROBOT\\REHAB_ROBOT.lastbuildstate".
     1>Done Building Project "E:\Leonardo Jose\Dropbox\Leonardo\Trabalhos\TCC\Exokanguera_Leonardo\robot_test\scara\REHAB_ROBOT\REHAB_ROBOT.vcxproj" (rebuild target(s)).

Build succeeded.

Time Elapsed 00:00:02.65
